[01-Apr-2025 23:50:03 UTC] Checking if tables exist...
[01-Apr-2025 23:50:03 UTC] Creating tables...
[01-Apr-2025 23:50:03 UTC] Database tables created successfully.
[01-Apr-2025 23:50:04 UTC] Checking if tables exist...
[01-Apr-2025 23:50:04 UTC] All tables already exist. Skipping table creation.
[01-Apr-2025 23:50:30 UTC] Checking if tables exist...
[01-Apr-2025 23:50:30 UTC] All tables already exist. Skipping table creation.
[01-Apr-2025 23:51:28 UTC] Checking if tables exist...
[01-Apr-2025 23:51:28 UTC] All tables already exist. Skipping table creation.
[01-Apr-2025 23:51:28 UTC] PHP Fatal error:  Uncaught Error: Class 'Redis' not found in /server/http/config/services.php:56
Stack trace:
#0 /server/http/src/Core/Container.php(34): {closure}(Object(App\Core\Container))
#1 /server/http/config/services.php(67): App\Core\Container->get('redis')
#2 /server/http/src/Core/Container.php(34): {closure}(Object(App\Core\Container))
#3 /server/http/web/index.php(79): App\Core\Container->get('rate_limit.serv...')
#4 {main}
  thrown in /server/http/config/services.php on line 56
[01-Apr-2025 23:52:04 UTC] Checking if tables exist...
[01-Apr-2025 23:52:04 UTC] All tables already exist. Skipping table creation.
[01-Apr-2025 23:52:21 UTC] Checking if tables exist...
[01-Apr-2025 23:52:21 UTC] All tables already exist. Skipping table creation.
[01-Apr-2025 23:52:25 UTC] Checking if tables exist...
[01-Apr-2025 23:52:25 UTC] All tables already exist. Skipping table creation.
[01-Apr-2025 23:52:28 UTC] Checking if tables exist...
[01-Apr-2025 23:52:28 UTC] All tables already exist. Skipping table creation.
[01-Apr-2025 23:52:42 UTC] Checking if tables exist...
[01-Apr-2025 23:52:42 UTC] All tables already exist. Skipping table creation.
[01-Apr-2025 23:52:45 UTC] Checking if tables exist...
[01-Apr-2025 23:52:45 UTC] All tables already exist. Skipping table creation.
[01-Apr-2025 23:53:08 UTC] Checking if tables exist...
[01-Apr-2025 23:53:08 UTC] All tables already exist. Skipping table creation.
[01-Apr-2025 23:53:10 UTC] Checking if tables exist...
[01-Apr-2025 23:53:10 UTC] All tables already exist. Skipping table creation.
[01-Apr-2025 23:53:12 UTC] Checking if tables exist...
[01-Apr-2025 23:53:12 UTC] All tables already exist. Skipping table creation.
[01-Apr-2025 23:53:14 UTC] Checking if tables exist...
[01-Apr-2025 23:53:14 UTC] All tables already exist. Skipping table creation.
[01-Apr-2025 23:53:21 UTC] Checking if tables exist...
[01-Apr-2025 23:53:21 UTC] All tables already exist. Skipping table creation.
[01-Apr-2025 23:54:01 UTC] Checking if tables exist...
[01-Apr-2025 23:54:01 UTC] All tables already exist. Skipping table creation.
[01-Apr-2025 23:54:26 UTC] Checking if tables exist...
[01-Apr-2025 23:54:26 UTC] All tables already exist. Skipping table creation.
[01-Apr-2025 23:55:03 UTC] Checking if tables exist...
[01-Apr-2025 23:55:03 UTC] All tables already exist. Skipping table creation.
[01-Apr-2025 23:55:18 UTC] Checking if tables exist...
[01-Apr-2025 23:55:18 UTC] All tables already exist. Skipping table creation.
[01-Apr-2025 23:55:41 UTC] Checking if tables exist...
[01-Apr-2025 23:55:41 UTC] All tables already exist. Skipping table creation.
[01-Apr-2025 23:55:50 UTC] Checking if tables exist...
[01-Apr-2025 23:55:50 UTC] All tables already exist. Skipping table creation.
[01-Apr-2025 23:56:22 UTC] Checking if tables exist...
[01-Apr-2025 23:56:22 UTC] All tables already exist. Skipping table creation.
[01-Apr-2025 23:56:25 UTC] Checking if tables exist...
[01-Apr-2025 23:56:25 UTC] All tables already exist. Skipping table creation.
[01-Apr-2025 23:56:25 UTC] Checking if tables exist...
[01-Apr-2025 23:56:25 UTC] All tables already exist. Skipping table creation.
[01-Apr-2025 23:56:35 UTC] Checking if tables exist...
[01-Apr-2025 23:56:35 UTC] All tables already exist. Skipping table creation.
[01-Apr-2025 23:56:45 UTC] Checking if tables exist...
[01-Apr-2025 23:56:45 UTC] All tables already exist. Skipping table creation.
[01-Apr-2025 23:56:50 UTC] Checking if tables exist...
[01-Apr-2025 23:56:50 UTC] All tables already exist. Skipping table creation.
[01-Apr-2025 23:56:51 UTC] PHP Notice:  Object of class App\Service\LogService could not be converted to number in /server/http/src/Service/AuthService.php on line 78
[01-Apr-2025 23:56:51 UTC] Warning: Headers already sent, unable to set response headers
[01-Apr-2025 23:57:21 UTC] Checking if tables exist...
[01-Apr-2025 23:57:21 UTC] All tables already exist. Skipping table creation.
[01-Apr-2025 23:57:21 UTC] PHP Notice:  Object of class App\Service\LogService could not be converted to number in /server/http/src/Service/AuthService.php on line 78
[01-Apr-2025 23:57:21 UTC] Warning: Headers already sent, unable to set response headers
[02-Apr-2025 00:04:27 UTC] Checking if tables exist...
[02-Apr-2025 00:04:27 UTC] All tables already exist. Skipping table creation.
[02-Apr-2025 00:04:27 UTC] Checking if tables exist...
[02-Apr-2025 00:04:28 UTC] All tables already exist. Skipping table creation.
[02-Apr-2025 00:05:13 UTC] Checking if tables exist...
[02-Apr-2025 00:05:13 UTC] All tables already exist. Skipping table creation.
[02-Apr-2025 00:05:13 UTC] Recipe inserted with ID: 1
[02-Apr-2025 00:05:13 UTC] Checking if tables exist...
[02-Apr-2025 00:05:13 UTC] All tables already exist. Skipping table creation.
[02-Apr-2025 00:05:24 UTC] Checking if tables exist...
[02-Apr-2025 00:05:24 UTC] All tables already exist. Skipping table creation.
[02-Apr-2025 00:06:11 UTC] Checking if tables exist...
[02-Apr-2025 00:06:11 UTC] All tables already exist. Skipping table creation.
[02-Apr-2025 00:06:12 UTC] Error inserting recipe: SQLSTATE[22P02]: Invalid text representation: 7 ERROR:  invalid input syntax for type boolean: ""
[02-Apr-2025 00:06:19 UTC] Checking if tables exist...
[02-Apr-2025 00:06:19 UTC] All tables already exist. Skipping table creation.
[02-Apr-2025 00:06:19 UTC] Recipe inserted with ID: 2
[02-Apr-2025 00:06:19 UTC] Checking if tables exist...
[02-Apr-2025 00:06:19 UTC] All tables already exist. Skipping table creation.
[02-Apr-2025 00:06:23 UTC] Checking if tables exist...
[02-Apr-2025 00:06:23 UTC] All tables already exist. Skipping table creation.
[02-Apr-2025 00:06:46 UTC] Checking if tables exist...
[02-Apr-2025 00:06:46 UTC] All tables already exist. Skipping table creation.
[02-Apr-2025 00:07:06 UTC] Checking if tables exist...
[02-Apr-2025 00:07:06 UTC] All tables already exist. Skipping table creation.
[02-Apr-2025 00:07:06 UTC] Error inserting recipe: SQLSTATE[22P02]: Invalid text representation: 7 ERROR:  invalid input syntax for type boolean: ""
[02-Apr-2025 00:07:08 UTC] Checking if tables exist...
[02-Apr-2025 00:07:08 UTC] All tables already exist. Skipping table creation.
[02-Apr-2025 00:07:08 UTC] Error inserting recipe: SQLSTATE[22P02]: Invalid text representation: 7 ERROR:  invalid input syntax for type boolean: ""
[02-Apr-2025 00:10:38 UTC] Checking if tables exist...
[02-Apr-2025 00:10:38 UTC] All tables already exist. Skipping table creation.
[02-Apr-2025 00:11:09 UTC] Checking if tables exist...
[02-Apr-2025 00:11:09 UTC] All tables already exist. Skipping table creation.
[02-Apr-2025 00:11:09 UTC] Recipe inserted with ID: 3
[02-Apr-2025 00:11:09 UTC] Checking if tables exist...
[02-Apr-2025 00:11:09 UTC] All tables already exist. Skipping table creation.
[02-Apr-2025 00:11:13 UTC] Checking if tables exist...
[02-Apr-2025 00:11:13 UTC] All tables already exist. Skipping table creation.
[02-Apr-2025 00:11:25 UTC] Checking if tables exist...
[02-Apr-2025 00:11:25 UTC] All tables already exist. Skipping table creation.
[02-Apr-2025 00:11:27 UTC] Checking if tables exist...
[02-Apr-2025 00:11:27 UTC] All tables already exist. Skipping table creation.
[02-Apr-2025 00:13:59 UTC] Checking if tables exist...
[02-Apr-2025 00:13:59 UTC] All tables already exist. Skipping table creation.
[02-Apr-2025 00:14:00 UTC] Checking if tables exist...
[02-Apr-2025 00:14:00 UTC] All tables already exist. Skipping table creation.
[02-Apr-2025 00:14:02 UTC] Checking if tables exist...
[02-Apr-2025 00:14:02 UTC] All tables already exist. Skipping table creation.
[02-Apr-2025 00:14:02 UTC] Checking if tables exist...
[02-Apr-2025 00:14:02 UTC] All tables already exist. Skipping table creation.
[02-Apr-2025 00:14:11 UTC] Checking if tables exist...
[02-Apr-2025 00:14:11 UTC] All tables already exist. Skipping table creation.
[02-Apr-2025 00:14:13 UTC] Checking if tables exist...
[02-Apr-2025 00:14:13 UTC] All tables already exist. Skipping table creation.
[02-Apr-2025 00:14:23 UTC] Checking if tables exist...
[02-Apr-2025 00:14:23 UTC] All tables already exist. Skipping table creation.
[02-Apr-2025 00:14:38 UTC] Checking if tables exist...
[02-Apr-2025 00:14:38 UTC] All tables already exist. Skipping table creation.
[02-Apr-2025 00:14:52 UTC] Checking if tables exist...
[02-Apr-2025 00:14:52 UTC] All tables already exist. Skipping table creation.
[02-Apr-2025 00:14:53 UTC] Recipe inserted with ID: 4
[02-Apr-2025 00:14:53 UTC] Checking if tables exist...
[02-Apr-2025 00:14:53 UTC] All tables already exist. Skipping table creation.
[02-Apr-2025 00:15:40 UTC] Checking if tables exist...
[02-Apr-2025 00:15:40 UTC] All tables already exist. Skipping table creation.
[02-Apr-2025 00:15:40 UTC] Recipe inserted with ID: 5
[02-Apr-2025 00:15:40 UTC] Checking if tables exist...
[02-Apr-2025 00:15:41 UTC] All tables already exist. Skipping table creation.
[02-Apr-2025 00:16:43 UTC] Checking if tables exist...
[02-Apr-2025 00:16:43 UTC] All tables already exist. Skipping table creation.
[02-Apr-2025 00:16:51 UTC] Checking if tables exist...
[02-Apr-2025 00:16:51 UTC] All tables already exist. Skipping table creation.
[02-Apr-2025 00:20:38 UTC] Checking if tables exist...
[02-Apr-2025 00:20:38 UTC] All tables already exist. Skipping table creation.
[02-Apr-2025 00:20:39 UTC] Checking if tables exist...
[02-Apr-2025 00:20:39 UTC] All tables already exist. Skipping table creation.
[02-Apr-2025 00:20:42 UTC] Checking if tables exist...
[02-Apr-2025 00:20:42 UTC] All tables already exist. Skipping table creation.
[02-Apr-2025 00:20:43 UTC] Checking if tables exist...
[02-Apr-2025 00:20:43 UTC] All tables already exist. Skipping table creation.
[02-Apr-2025 00:21:08 UTC] Checking if tables exist...
[02-Apr-2025 00:21:08 UTC] All tables already exist. Skipping table creation.
[02-Apr-2025 00:21:09 UTC] Checking if tables exist...
[02-Apr-2025 00:21:09 UTC] All tables already exist. Skipping table creation.
[02-Apr-2025 00:21:54 UTC] Checking if tables exist...
[02-Apr-2025 00:21:54 UTC] All tables already exist. Skipping table creation.
[02-Apr-2025 00:23:11 UTC] Checking if tables exist...
[02-Apr-2025 00:23:11 UTC] All tables already exist. Skipping table creation.
[02-Apr-2025 00:24:04 UTC] Checking if tables exist...
[02-Apr-2025 00:24:04 UTC] All tables already exist. Skipping table creation.
[02-Apr-2025 00:24:25 UTC] Checking if tables exist...
[02-Apr-2025 00:24:25 UTC] All tables already exist. Skipping table creation.
[02-Apr-2025 00:24:48 UTC] Checking if tables exist...
[02-Apr-2025 00:24:48 UTC] All tables already exist. Skipping table creation.
[02-Apr-2025 00:25:35 UTC] Checking if tables exist...
[02-Apr-2025 00:25:35 UTC] All tables already exist. Skipping table creation.
[02-Apr-2025 00:25:58 UTC] Checking if tables exist...
[02-Apr-2025 00:25:58 UTC] All tables already exist. Skipping table creation.
[02-Apr-2025 00:26:08 UTC] Checking if tables exist...
[02-Apr-2025 00:26:08 UTC] All tables already exist. Skipping table creation.
[02-Apr-2025 00:26:08 UTC] Checking if tables exist...
[02-Apr-2025 00:26:08 UTC] All tables already exist. Skipping table creation.
[02-Apr-2025 00:26:36 UTC] Checking if tables exist...
[02-Apr-2025 00:26:36 UTC] All tables already exist. Skipping table creation.
[02-Apr-2025 00:26:36 UTC] Recipe inserted with ID: 6
[02-Apr-2025 00:26:36 UTC] Checking if tables exist...
[02-Apr-2025 00:26:36 UTC] All tables already exist. Skipping table creation.
[02-Apr-2025 00:27:09 UTC] Checking if tables exist...
[02-Apr-2025 00:27:09 UTC] All tables already exist. Skipping table creation.
[02-Apr-2025 00:27:11 UTC] Checking if tables exist...
[02-Apr-2025 00:27:11 UTC] All tables already exist. Skipping table creation.
[02-Apr-2025 00:27:24 UTC] Checking if tables exist...
[02-Apr-2025 00:27:24 UTC] All tables already exist. Skipping table creation.
[02-Apr-2025 00:27:26 UTC] Checking if tables exist...
[02-Apr-2025 00:27:26 UTC] All tables already exist. Skipping table creation.
[02-Apr-2025 00:27:27 UTC] Checking if tables exist...
[02-Apr-2025 00:27:27 UTC] All tables already exist. Skipping table creation.
[02-Apr-2025 00:27:55 UTC] Checking if tables exist...
[02-Apr-2025 00:27:55 UTC] All tables already exist. Skipping table creation.
[02-Apr-2025 00:27:56 UTC] Checking if tables exist...
[02-Apr-2025 00:27:56 UTC] All tables already exist. Skipping table creation.
[02-Apr-2025 00:28:03 UTC] Checking if tables exist...
[02-Apr-2025 00:28:03 UTC] All tables already exist. Skipping table creation.
[02-Apr-2025 00:28:10 UTC] Checking if tables exist...
[02-Apr-2025 00:28:10 UTC] All tables already exist. Skipping table creation.
[02-Apr-2025 00:28:14 UTC] Checking if tables exist...
[02-Apr-2025 00:28:14 UTC] All tables already exist. Skipping table creation.
[02-Apr-2025 00:28:17 UTC] Checking if tables exist...
[02-Apr-2025 00:28:17 UTC] All tables already exist. Skipping table creation.
[02-Apr-2025 00:28:18 UTC] Checking if tables exist...
[02-Apr-2025 00:28:18 UTC] All tables already exist. Skipping table creation.
[02-Apr-2025 10:06:06 UTC] Checking if tables exist...
[02-Apr-2025 10:06:06 UTC] All tables already exist. Skipping table creation.
[02-Apr-2025 10:06:18 UTC] Checking if tables exist...
[02-Apr-2025 10:06:18 UTC] All tables already exist. Skipping table creation.
[02-Apr-2025 10:06:19 UTC] Checking if tables exist...
[02-Apr-2025 10:06:19 UTC] All tables already exist. Skipping table creation.
[02-Apr-2025 10:06:25 UTC] Checking if tables exist...
[02-Apr-2025 10:06:25 UTC] All tables already exist. Skipping table creation.
[02-Apr-2025 10:09:45 UTC] Checking if tables exist...
[02-Apr-2025 10:09:45 UTC] All tables already exist. Skipping table creation.
[02-Apr-2025 10:09:46 UTC] Checking if tables exist...
[02-Apr-2025 10:09:46 UTC] All tables already exist. Skipping table creation.
[02-Apr-2025 10:10:12 UTC] Checking if tables exist...
[02-Apr-2025 10:10:12 UTC] All tables already exist. Skipping table creation.
[02-Apr-2025 10:10:38 UTC] Checking if tables exist...
[02-Apr-2025 10:10:38 UTC] All tables already exist. Skipping table creation.
[02-Apr-2025 10:10:54 UTC] Checking if tables exist...
[02-Apr-2025 10:10:54 UTC] All tables already exist. Skipping table creation.
[02-Apr-2025 10:11:35 UTC] Checking if tables exist...
[02-Apr-2025 10:11:35 UTC] All tables already exist. Skipping table creation.
[02-Apr-2025 11:23:49 UTC] Checking if tables exist...
[02-Apr-2025 11:23:49 UTC] All tables already exist. Skipping table creation.
[02-Apr-2025 11:24:00 UTC] Checking if tables exist...
[02-Apr-2025 11:24:00 UTC] All tables already exist. Skipping table creation.
[02-Apr-2025 11:24:25 UTC] Checking if tables exist...
[02-Apr-2025 11:24:25 UTC] All tables already exist. Skipping table creation.
[02-Apr-2025 11:24:25 UTC] Recipe inserted with ID: 4
[02-Apr-2025 11:25:30 UTC] Checking if tables exist...
[02-Apr-2025 11:25:30 UTC] All tables already exist. Skipping table creation.
[02-Apr-2025 11:25:31 UTC] Checking if tables exist...
[02-Apr-2025 11:25:31 UTC] All tables already exist. Skipping table creation.
[02-Apr-2025 11:26:16 UTC] Checking if tables exist...
[02-Apr-2025 11:26:16 UTC] All tables already exist. Skipping table creation.
[02-Apr-2025 11:26:16 UTC] Rating 2 added to recipe 3
[02-Apr-2025 11:26:52 UTC] Checking if tables exist...
[02-Apr-2025 11:26:52 UTC] All tables already exist. Skipping table creation.
[02-Apr-2025 11:27:10 UTC] Checking if tables exist...
[02-Apr-2025 11:27:10 UTC] All tables already exist. Skipping table creation.
[02-Apr-2025 11:28:35 UTC] Checking if tables exist...
[02-Apr-2025 11:28:35 UTC] All tables already exist. Skipping table creation.
[02-Apr-2025 11:28:36 UTC] Checking if tables exist...
[02-Apr-2025 11:28:36 UTC] All tables already exist. Skipping table creation.
[02-Apr-2025 12:07:44 UTC] Checking if tables exist...
[02-Apr-2025 12:07:44 UTC] All tables already exist. Skipping table creation.
[02-Apr-2025 12:08:22 UTC] Checking if tables exist...
[02-Apr-2025 12:08:22 UTC] All tables already exist. Skipping table creation.
[02-Apr-2025 12:08:35 UTC] Checking if tables exist...
[02-Apr-2025 12:08:35 UTC] All tables already exist. Skipping table creation.
[02-Apr-2025 12:09:14 UTC] Checking if tables exist...
[02-Apr-2025 12:09:14 UTC] All tables already exist. Skipping table creation.
[02-Apr-2025 12:09:42 UTC] Checking if tables exist...
[02-Apr-2025 12:09:42 UTC] All tables already exist. Skipping table creation.
[02-Apr-2025 12:10:07 UTC] Checking if tables exist...
[02-Apr-2025 12:10:07 UTC] All tables already exist. Skipping table creation.
[02-Apr-2025 12:10:07 UTC] Recipe inserted with ID: 5
[02-Apr-2025 12:10:23 UTC] Checking if tables exist...
[02-Apr-2025 12:10:23 UTC] All tables already exist. Skipping table creation.
[02-Apr-2025 12:10:31 UTC] Checking if tables exist...
[02-Apr-2025 12:10:31 UTC] All tables already exist. Skipping table creation.
[02-Apr-2025 12:39:37 UTC] Checking if tables exist...
[02-Apr-2025 12:39:37 UTC] All tables already exist. Skipping table creation.
[02-Apr-2025 12:39:58 UTC] Checking if tables exist...
[02-Apr-2025 12:39:58 UTC] All tables already exist. Skipping table creation.
[02-Apr-2025 12:42:35 UTC] Checking if tables exist...
[02-Apr-2025 12:42:35 UTC] All tables already exist. Skipping table creation.
[02-Apr-2025 12:42:55 UTC] Checking if tables exist...
[02-Apr-2025 12:42:55 UTC] All tables already exist. Skipping table creation.
[02-Apr-2025 12:55:38 UTC] Checking if tables exist...
[02-Apr-2025 12:55:39 UTC] All tables already exist. Skipping table creation.
[02-Apr-2025 12:55:44 UTC] Checking if tables exist...
[02-Apr-2025 12:55:44 UTC] All tables already exist. Skipping table creation.
[02-Apr-2025 14:04:48 UTC] Checking if tables exist...
[02-Apr-2025 14:04:48 UTC] All tables already exist. Skipping table creation.
[02-Apr-2025 16:47:30 UTC] Checking if tables exist...
[02-Apr-2025 16:47:30 UTC] All tables already exist. Skipping table creation.
[02-Apr-2025 16:47:45 UTC] Checking if tables exist...
[02-Apr-2025 16:47:45 UTC] All tables already exist. Skipping table creation.
[02-Apr-2025 16:48:16 UTC] Checking if tables exist...
[02-Apr-2025 16:48:16 UTC] All tables already exist. Skipping table creation.
[02-Apr-2025 16:48:31 UTC] Checking if tables exist...
[02-Apr-2025 16:48:31 UTC] All tables already exist. Skipping table creation.
[02-Apr-2025 16:48:47 UTC] Checking if tables exist...
[02-Apr-2025 16:48:47 UTC] All tables already exist. Skipping table creation.
[02-Apr-2025 16:48:47 UTC] Checking if tables exist...
[02-Apr-2025 16:48:47 UTC] All tables already exist. Skipping table creation.
[02-Apr-2025 16:49:16 UTC] Checking if tables exist...
[02-Apr-2025 16:49:16 UTC] All tables already exist. Skipping table creation.
[02-Apr-2025 16:49:42 UTC] Checking if tables exist...
[02-Apr-2025 16:49:42 UTC] All tables already exist. Skipping table creation.
[02-Apr-2025 16:49:42 UTC] Recipe inserted with ID: 6
[02-Apr-2025 16:49:42 UTC] Checking if tables exist...
[02-Apr-2025 16:49:42 UTC] All tables already exist. Skipping table creation.
[02-Apr-2025 16:50:30 UTC] Checking if tables exist...
[02-Apr-2025 16:50:30 UTC] All tables already exist. Skipping table creation.
[02-Apr-2025 16:50:39 UTC] Checking if tables exist...
[02-Apr-2025 16:50:39 UTC] All tables already exist. Skipping table creation.
[02-Apr-2025 16:50:44 UTC] Checking if tables exist...
[02-Apr-2025 16:50:44 UTC] All tables already exist. Skipping table creation.
[02-Apr-2025 16:50:44 UTC] Checking if tables exist...
[02-Apr-2025 16:50:44 UTC] All tables already exist. Skipping table creation.
[02-Apr-2025 16:50:58 UTC] Checking if tables exist...
[02-Apr-2025 16:50:58 UTC] All tables already exist. Skipping table creation.
[02-Apr-2025 17:07:20 UTC] Checking if tables exist...
[02-Apr-2025 17:07:20 UTC] All tables already exist. Skipping table creation.
[02-Apr-2025 17:07:27 UTC] Checking if tables exist...
[02-Apr-2025 17:07:27 UTC] All tables already exist. Skipping table creation.
[09-Apr-2025 14:55:24 UTC] Checking if tables exist...
[09-Apr-2025 14:55:24 UTC] All tables already exist. Skipping table creation.
[09-Apr-2025 14:55:28 UTC] Checking if tables exist...
[09-Apr-2025 14:55:28 UTC] All tables already exist. Skipping table creation.
[09-Apr-2025 14:56:31 UTC] Checking if tables exist...
[09-Apr-2025 14:56:31 UTC] All tables already exist. Skipping table creation.
[09-Apr-2025 14:56:34 UTC] Checking if tables exist...
[09-Apr-2025 14:56:34 UTC] All tables already exist. Skipping table creation.
[09-Apr-2025 14:56:46 UTC] Checking if tables exist...
[09-Apr-2025 14:56:46 UTC] All tables already exist. Skipping table creation.
[09-Apr-2025 14:56:48 UTC] Checking if tables exist...
[09-Apr-2025 14:56:48 UTC] All tables already exist. Skipping table creation.
[09-Apr-2025 14:57:10 UTC] Checking if tables exist...
[09-Apr-2025 14:57:10 UTC] All tables already exist. Skipping table creation.
[09-Apr-2025 14:57:49 UTC] Checking if tables exist...
[09-Apr-2025 14:57:49 UTC] All tables already exist. Skipping table creation.
[09-Apr-2025 14:57:49 UTC] Checking if tables exist...
[09-Apr-2025 14:57:49 UTC] All tables already exist. Skipping table creation.
[09-Apr-2025 14:58:17 UTC] Checking if tables exist...
[09-Apr-2025 14:58:17 UTC] All tables already exist. Skipping table creation.
[09-Apr-2025 14:58:20 UTC] Checking if tables exist...
[09-Apr-2025 14:58:20 UTC] All tables already exist. Skipping table creation.
[09-Apr-2025 15:03:08 UTC] Checking if tables exist...
[09-Apr-2025 15:03:08 UTC] All tables already exist. Skipping table creation.
[09-Apr-2025 15:03:09 UTC] Checking if tables exist...
[09-Apr-2025 15:03:09 UTC] All tables already exist. Skipping table creation.
[09-Apr-2025 15:03:12 UTC] Checking if tables exist...
[09-Apr-2025 15:03:12 UTC] All tables already exist. Skipping table creation.
[09-Apr-2025 15:03:15 UTC] Checking if tables exist...
[09-Apr-2025 15:03:15 UTC] All tables already exist. Skipping table creation.
[09-Apr-2025 15:03:26 UTC] Checking if tables exist...
[09-Apr-2025 15:03:26 UTC] All tables already exist. Skipping table creation.
[09-Apr-2025 15:03:28 UTC] Checking if tables exist...
[09-Apr-2025 15:03:28 UTC] All tables already exist. Skipping table creation.
[09-Apr-2025 15:06:01 UTC] Checking if tables exist...
[09-Apr-2025 15:06:01 UTC] All tables already exist. Skipping table creation.
[09-Apr-2025 15:06:01 UTC] Checking if tables exist...
[09-Apr-2025 15:06:01 UTC] All tables already exist. Skipping table creation.
[09-Apr-2025 15:08:15 UTC] Checking if tables exist...
[09-Apr-2025 15:08:15 UTC] All tables already exist. Skipping table creation.
[09-Apr-2025 15:09:13 UTC] Checking if tables exist...
[09-Apr-2025 15:09:13 UTC] All tables already exist. Skipping table creation.
[09-Apr-2025 15:09:32 UTC] Checking if tables exist...
[09-Apr-2025 15:09:32 UTC] All tables already exist. Skipping table creation.
[09-Apr-2025 15:10:10 UTC] Checking if tables exist...
[09-Apr-2025 15:10:10 UTC] All tables already exist. Skipping table creation.
[09-Apr-2025 15:10:39 UTC] Checking if tables exist...
[09-Apr-2025 15:10:39 UTC] All tables already exist. Skipping table creation.
[09-Apr-2025 15:10:54 UTC] Checking if tables exist...
[09-Apr-2025 15:10:54 UTC] All tables already exist. Skipping table creation.
[09-Apr-2025 15:12:10 UTC] Checking if tables exist...
[09-Apr-2025 15:12:10 UTC] All tables already exist. Skipping table creation.
[09-Apr-2025 15:12:11 UTC] Checking if tables exist...
[09-Apr-2025 15:12:11 UTC] All tables already exist. Skipping table creation.
[09-Apr-2025 15:13:23 UTC] Checking if tables exist...
[09-Apr-2025 15:13:24 UTC] All tables already exist. Skipping table creation.
[09-Apr-2025 15:14:01 UTC] Checking if tables exist...
[09-Apr-2025 15:14:01 UTC] All tables already exist. Skipping table creation.
[09-Apr-2025 15:14:35 UTC] Checking if tables exist...
[09-Apr-2025 15:14:35 UTC] All tables already exist. Skipping table creation.
[09-Apr-2025 15:14:56 UTC] Checking if tables exist...
[09-Apr-2025 15:14:56 UTC] All tables already exist. Skipping table creation.
[09-Apr-2025 15:15:15 UTC] Checking if tables exist...
[09-Apr-2025 15:15:15 UTC] All tables already exist. Skipping table creation.
[09-Apr-2025 15:15:15 UTC] Recipe inserted with ID: 4
[09-Apr-2025 15:16:12 UTC] Checking if tables exist...
[09-Apr-2025 15:16:12 UTC] All tables already exist. Skipping table creation.
[09-Apr-2025 15:16:37 UTC] Checking if tables exist...
[09-Apr-2025 15:16:37 UTC] All tables already exist. Skipping table creation.
[09-Apr-2025 15:17:19 UTC] Checking if tables exist...
[09-Apr-2025 15:17:19 UTC] All tables already exist. Skipping table creation.
[09-Apr-2025 15:18:11 UTC] Checking if tables exist...
[09-Apr-2025 15:18:11 UTC] All tables already exist. Skipping table creation.
[09-Apr-2025 15:22:20 UTC] Checking if tables exist...
[09-Apr-2025 15:22:20 UTC] All tables already exist. Skipping table creation.
[09-Apr-2025 15:22:21 UTC] Checking if tables exist...
[09-Apr-2025 15:22:21 UTC] All tables already exist. Skipping table creation.
[09-Apr-2025 15:22:27 UTC] Checking if tables exist...
[09-Apr-2025 15:22:27 UTC] All tables already exist. Skipping table creation.
[09-Apr-2025 15:22:30 UTC] Checking if tables exist...
[09-Apr-2025 15:22:30 UTC] All tables already exist. Skipping table creation.
[09-Apr-2025 15:22:31 UTC] Checking if tables exist...
[09-Apr-2025 15:22:31 UTC] All tables already exist. Skipping table creation.
[09-Apr-2025 15:22:40 UTC] Checking if tables exist...
[09-Apr-2025 15:22:40 UTC] All tables already exist. Skipping table creation.
[09-Apr-2025 15:22:41 UTC] Checking if tables exist...
[09-Apr-2025 15:22:41 UTC] All tables already exist. Skipping table creation.
[09-Apr-2025 15:22:56 UTC] Checking if tables exist...
[09-Apr-2025 15:22:56 UTC] All tables already exist. Skipping table creation.
[09-Apr-2025 15:23:10 UTC] Checking if tables exist...
[09-Apr-2025 15:23:10 UTC] All tables already exist. Skipping table creation.
[09-Apr-2025 15:23:23 UTC] Checking if tables exist...
[09-Apr-2025 15:23:23 UTC] All tables already exist. Skipping table creation.
[09-Apr-2025 15:23:25 UTC] Checking if tables exist...
[09-Apr-2025 15:23:25 UTC] All tables already exist. Skipping table creation.
[09-Apr-2025 15:23:26 UTC] Checking if tables exist...
[09-Apr-2025 15:23:26 UTC] All tables already exist. Skipping table creation.
[09-Apr-2025 15:23:30 UTC] Checking if tables exist...
[09-Apr-2025 15:23:30 UTC] All tables already exist. Skipping table creation.
[09-Apr-2025 15:23:31 UTC] Checking if tables exist...
[09-Apr-2025 15:23:31 UTC] All tables already exist. Skipping table creation.
[09-Apr-2025 15:23:36 UTC] Checking if tables exist...
[09-Apr-2025 15:23:36 UTC] All tables already exist. Skipping table creation.
[09-Apr-2025 15:23:36 UTC] Checking if tables exist...
[09-Apr-2025 15:23:36 UTC] All tables already exist. Skipping table creation.
[09-Apr-2025 15:26:00 UTC] Checking if tables exist...
[09-Apr-2025 15:26:00 UTC] All tables already exist. Skipping table creation.
[09-Apr-2025 15:26:08 UTC] Checking if tables exist...
[09-Apr-2025 15:26:08 UTC] All tables already exist. Skipping table creation.
[09-Apr-2025 15:26:09 UTC] Checking if tables exist...
[09-Apr-2025 15:26:09 UTC] All tables already exist. Skipping table creation.
[09-Apr-2025 15:31:17 UTC] Checking if tables exist...
[09-Apr-2025 15:31:17 UTC] All tables already exist. Skipping table creation.
[09-Apr-2025 15:31:27 UTC] Checking if tables exist...
[09-Apr-2025 15:31:27 UTC] All tables already exist. Skipping table creation.
[09-Apr-2025 15:31:27 UTC] PHP Warning:  file_get_contents(/server/http/src/Controller/../../web/ui/swagger/index.html): failed to open stream: No such file or directory in /server/http/src/Controller/SwaggerController.php on line 13
[09-Apr-2025 15:31:27 UTC] Warning: Headers already sent, unable to set response headers
[09-Apr-2025 15:31:27 UTC] Checking if tables exist...
[09-Apr-2025 15:31:27 UTC] All tables already exist. Skipping table creation.
[09-Apr-2025 15:31:27 UTC] PHP Warning:  file_get_contents(/server/http/src/Controller/../../web/ui/swagger/index.html): failed to open stream: No such file or directory in /server/http/src/Controller/SwaggerController.php on line 13
[09-Apr-2025 15:31:27 UTC] Warning: Headers already sent, unable to set response headers
[09-Apr-2025 15:31:33 UTC] Checking if tables exist...
[09-Apr-2025 15:31:33 UTC] All tables already exist. Skipping table creation.
[09-Apr-2025 15:31:33 UTC] PHP Fatal error:  Uncaught Error: Call to undefined method App\Repository\RecipeRepository::count() in /server/http/src/Controller/RecipeController.php:39
Stack trace:
#0 /server/http/src/Core/Router.php(53): App\Controller\RecipeController->listAll(Object(App\Core\Request))
#1 /server/http/web/index.php(118): App\Core\Router->dispatch(Object(App\Core\Request))
#2 {main}
  thrown in /server/http/src/Controller/RecipeController.php on line 39
[09-Apr-2025 15:31:34 UTC] Checking if tables exist...
[09-Apr-2025 15:31:34 UTC] All tables already exist. Skipping table creation.
[09-Apr-2025 15:31:34 UTC] PHP Fatal error:  Uncaught Error: Call to undefined method App\Repository\RecipeRepository::count() in /server/http/src/Controller/RecipeController.php:39
Stack trace:
#0 /server/http/src/Core/Router.php(53): App\Controller\RecipeController->listAll(Object(App\Core\Request))
#1 /server/http/web/index.php(118): App\Core\Router->dispatch(Object(App\Core\Request))
#2 {main}
  thrown in /server/http/src/Controller/RecipeController.php on line 39
[09-Apr-2025 15:31:46 UTC] Checking if tables exist...
[09-Apr-2025 15:31:47 UTC] All tables already exist. Skipping table creation.
[09-Apr-2025 15:31:47 UTC] Checking if tables exist...
[09-Apr-2025 15:31:47 UTC] All tables already exist. Skipping table creation.
[09-Apr-2025 15:31:52 UTC] Checking if tables exist...
[09-Apr-2025 15:31:52 UTC] All tables already exist. Skipping table creation.
[09-Apr-2025 15:31:53 UTC] Checking if tables exist...
[09-Apr-2025 15:31:53 UTC] All tables already exist. Skipping table creation.
[09-Apr-2025 15:32:03 UTC] Checking if tables exist...
[09-Apr-2025 15:32:03 UTC] All tables already exist. Skipping table creation.
[09-Apr-2025 15:32:03 UTC] Checking if tables exist...
[09-Apr-2025 15:32:03 UTC] All tables already exist. Skipping table creation.
[09-Apr-2025 15:32:11 UTC] Checking if tables exist...
[09-Apr-2025 15:32:11 UTC] All tables already exist. Skipping table creation.
[09-Apr-2025 15:32:11 UTC] Checking if tables exist...
[09-Apr-2025 15:32:11 UTC] All tables already exist. Skipping table creation.
[09-Apr-2025 15:32:19 UTC] Checking if tables exist...
[09-Apr-2025 15:32:19 UTC] All tables already exist. Skipping table creation.
[09-Apr-2025 15:32:19 UTC] Checking if tables exist...
[09-Apr-2025 15:32:19 UTC] All tables already exist. Skipping table creation.
[09-Apr-2025 15:32:23 UTC] Checking if tables exist...
[09-Apr-2025 15:32:23 UTC] All tables already exist. Skipping table creation.
[09-Apr-2025 15:32:24 UTC] Checking if tables exist...
[09-Apr-2025 15:32:24 UTC] All tables already exist. Skipping table creation.
[09-Apr-2025 15:32:26 UTC] Checking if tables exist...
[09-Apr-2025 15:32:26 UTC] All tables already exist. Skipping table creation.
[09-Apr-2025 15:32:27 UTC] Checking if tables exist...
[09-Apr-2025 15:32:27 UTC] All tables already exist. Skipping table creation.
[09-Apr-2025 15:35:42 UTC] Checking if tables exist...
[09-Apr-2025 15:35:42 UTC] All tables already exist. Skipping table creation.
[09-Apr-2025 15:35:44 UTC] Checking if tables exist...
[09-Apr-2025 15:35:44 UTC] All tables already exist. Skipping table creation.
[09-Apr-2025 15:44:24 UTC] Checking if tables exist...
[09-Apr-2025 15:44:24 UTC] All tables already exist. Skipping table creation.
[09-Apr-2025 15:44:24 UTC] PHP Fatal error:  Uncaught Error: Call to undefined method App\Repository\RecipeRepository::count() in /server/http/src/Controller/RecipeController.php:39
Stack trace:
#0 /server/http/src/Core/Router.php(53): App\Controller\RecipeController->listAll(Object(App\Core\Request))
#1 /server/http/web/index.php(118): App\Core\Router->dispatch(Object(App\Core\Request))
#2 {main}
  thrown in /server/http/src/Controller/RecipeController.php on line 39
[09-Apr-2025 15:44:25 UTC] Checking if tables exist...
[09-Apr-2025 15:44:25 UTC] All tables already exist. Skipping table creation.
[09-Apr-2025 15:44:25 UTC] PHP Fatal error:  Uncaught Error: Call to undefined method App\Repository\RecipeRepository::count() in /server/http/src/Controller/RecipeController.php:39
Stack trace:
#0 /server/http/src/Core/Router.php(53): App\Controller\RecipeController->listAll(Object(App\Core\Request))
#1 /server/http/web/index.php(118): App\Core\Router->dispatch(Object(App\Core\Request))
#2 {main}
  thrown in /server/http/src/Controller/RecipeController.php on line 39
[09-Apr-2025 15:44:31 UTC] Checking if tables exist...
[09-Apr-2025 15:44:31 UTC] All tables already exist. Skipping table creation.
[09-Apr-2025 15:44:32 UTC] Checking if tables exist...
[09-Apr-2025 15:44:32 UTC] All tables already exist. Skipping table creation.
[09-Apr-2025 15:44:33 UTC] PHP Warning:  file_get_contents(/server/http/src/Controller/../../web/ui/swagger/index.html): failed to open stream: No such file or directory in /server/http/src/Controller/SwaggerController.php on line 13
[09-Apr-2025 15:44:33 UTC] Warning: Headers already sent, unable to set response headers
[09-Apr-2025 15:44:33 UTC] Checking if tables exist...
[09-Apr-2025 15:44:33 UTC] All tables already exist. Skipping table creation.
[09-Apr-2025 15:44:33 UTC] PHP Warning:  file_get_contents(/server/http/src/Controller/../../web/ui/swagger/index.html): failed to open stream: No such file or directory in /server/http/src/Controller/SwaggerController.php on line 13
[09-Apr-2025 15:44:33 UTC] Warning: Headers already sent, unable to set response headers
[09-Apr-2025 15:44:38 UTC] Checking if tables exist...
[09-Apr-2025 15:44:38 UTC] All tables already exist. Skipping table creation.
[09-Apr-2025 15:44:38 UTC] PHP Warning:  file_get_contents(/server/http/src/Controller/../../web/ui/swagger/index.html): failed to open stream: No such file or directory in /server/http/src/Controller/SwaggerController.php on line 13
[09-Apr-2025 15:44:38 UTC] Warning: Headers already sent, unable to set response headers
[09-Apr-2025 15:44:38 UTC] Checking if tables exist...
[09-Apr-2025 15:44:38 UTC] All tables already exist. Skipping table creation.
[09-Apr-2025 15:44:38 UTC] PHP Warning:  file_get_contents(/server/http/src/Controller/../../web/ui/swagger/index.html): failed to open stream: No such file or directory in /server/http/src/Controller/SwaggerController.php on line 13
[09-Apr-2025 15:44:38 UTC] Warning: Headers already sent, unable to set response headers
[09-Apr-2025 15:44:40 UTC] Checking if tables exist...
[09-Apr-2025 15:44:40 UTC] All tables already exist. Skipping table creation.
[09-Apr-2025 15:44:40 UTC] PHP Warning:  file_get_contents(/server/http/src/Controller/../../web/ui/swagger/index.html): failed to open stream: No such file or directory in /server/http/src/Controller/SwaggerController.php on line 13
[09-Apr-2025 15:44:40 UTC] Warning: Headers already sent, unable to set response headers
[09-Apr-2025 15:44:40 UTC] Checking if tables exist...
[09-Apr-2025 15:44:40 UTC] All tables already exist. Skipping table creation.
[09-Apr-2025 15:44:40 UTC] PHP Warning:  file_get_contents(/server/http/src/Controller/../../web/ui/swagger/index.html): failed to open stream: No such file or directory in /server/http/src/Controller/SwaggerController.php on line 13
[09-Apr-2025 15:44:40 UTC] Warning: Headers already sent, unable to set response headers
[09-Apr-2025 15:44:53 UTC] Checking if tables exist...
[09-Apr-2025 15:44:53 UTC] All tables already exist. Skipping table creation.
[09-Apr-2025 15:44:53 UTC] PHP Fatal error:  Uncaught Error: Call to undefined method App\Repository\RecipeRepository::count() in /server/http/src/Controller/RecipeController.php:39
Stack trace:
#0 /server/http/src/Core/Router.php(53): App\Controller\RecipeController->listAll(Object(App\Core\Request))
#1 /server/http/web/index.php(118): App\Core\Router->dispatch(Object(App\Core\Request))
#2 {main}
  thrown in /server/http/src/Controller/RecipeController.php on line 39
[09-Apr-2025 15:44:58 UTC] Checking if tables exist...
[09-Apr-2025 15:44:58 UTC] All tables already exist. Skipping table creation.
[09-Apr-2025 15:44:58 UTC] PHP Fatal error:  Uncaught Error: Call to undefined method App\Repository\RecipeRepository::count() in /server/http/src/Controller/RecipeController.php:39
Stack trace:
#0 /server/http/src/Core/Router.php(53): App\Controller\RecipeController->listAll(Object(App\Core\Request))
#1 /server/http/web/index.php(118): App\Core\Router->dispatch(Object(App\Core\Request))
#2 {main}
  thrown in /server/http/src/Controller/RecipeController.php on line 39
[09-Apr-2025 15:45:02 UTC] Checking if tables exist...
[09-Apr-2025 15:45:02 UTC] All tables already exist. Skipping table creation.
[09-Apr-2025 15:45:02 UTC] PHP Fatal error:  Uncaught Error: Call to undefined method App\Repository\RecipeRepository::count() in /server/http/src/Controller/RecipeController.php:39
Stack trace:
#0 /server/http/src/Core/Router.php(53): App\Controller\RecipeController->listAll(Object(App\Core\Request))
#1 /server/http/web/index.php(118): App\Core\Router->dispatch(Object(App\Core\Request))
#2 {main}
  thrown in /server/http/src/Controller/RecipeController.php on line 39
[09-Apr-2025 15:45:07 UTC] Checking if tables exist...
[09-Apr-2025 15:45:07 UTC] All tables already exist. Skipping table creation.
[09-Apr-2025 15:45:07 UTC] PHP Fatal error:  Uncaught Error: Call to undefined method App\Repository\RecipeRepository::count() in /server/http/src/Controller/RecipeController.php:39
Stack trace:
#0 /server/http/src/Core/Router.php(53): App\Controller\RecipeController->listAll(Object(App\Core\Request))
#1 /server/http/web/index.php(118): App\Core\Router->dispatch(Object(App\Core\Request))
#2 {main}
  thrown in /server/http/src/Controller/RecipeController.php on line 39
[09-Apr-2025 15:45:43 UTC] Checking if tables exist...
[09-Apr-2025 15:45:43 UTC] All tables already exist. Skipping table creation.
[09-Apr-2025 15:45:44 UTC] Checking if tables exist...
[09-Apr-2025 15:45:44 UTC] All tables already exist. Skipping table creation.
[09-Apr-2025 15:45:48 UTC] Checking if tables exist...
[09-Apr-2025 15:45:48 UTC] All tables already exist. Skipping table creation.
[09-Apr-2025 15:45:48 UTC] PHP Warning:  file_get_contents(/server/http/src/Controller/../../web/ui/swagger/index.html): failed to open stream: No such file or directory in /server/http/src/Controller/SwaggerController.php on line 13
[09-Apr-2025 15:45:48 UTC] Warning: Headers already sent, unable to set response headers
[09-Apr-2025 15:45:49 UTC] Checking if tables exist...
[09-Apr-2025 15:45:49 UTC] All tables already exist. Skipping table creation.
[09-Apr-2025 15:45:49 UTC] PHP Warning:  file_get_contents(/server/http/src/Controller/../../web/ui/swagger/index.html): failed to open stream: No such file or directory in /server/http/src/Controller/SwaggerController.php on line 13
[09-Apr-2025 15:45:49 UTC] Warning: Headers already sent, unable to set response headers
[09-Apr-2025 16:09:34 UTC] Checking if tables exist...
[09-Apr-2025 16:09:34 UTC] All tables already exist. Skipping table creation.
[09-Apr-2025 16:09:34 UTC] Checking if tables exist...
[09-Apr-2025 16:09:34 UTC] All tables already exist. Skipping table creation.
[09-Apr-2025 16:09:34 UTC] PHP Fatal error:  Uncaught Error: Call to undefined method App\Repository\RecipeRepository::count() in /server/http/src/Controller/RecipeController.php:39
Stack trace:
#0 /server/http/src/Core/Router.php(53): App\Controller\RecipeController->listAll(Object(App\Core\Request))
#1 /server/http/web/index.php(118): App\Core\Router->dispatch(Object(App\Core\Request))
#2 {main}
  thrown in /server/http/src/Controller/RecipeController.php on line 39
[09-Apr-2025 16:09:36 UTC] Checking if tables exist...
[09-Apr-2025 16:09:36 UTC] All tables already exist. Skipping table creation.
[09-Apr-2025 16:09:55 UTC] Checking if tables exist...
[09-Apr-2025 16:09:55 UTC] All tables already exist. Skipping table creation.
[09-Apr-2025 16:09:55 UTC] PHP Fatal error:  Uncaught Error: Call to undefined method App\Repository\RecipeRepository::count() in /server/http/src/Controller/RecipeController.php:39
Stack trace:
#0 /server/http/src/Core/Router.php(53): App\Controller\RecipeController->listAll(Object(App\Core\Request))
#1 /server/http/web/index.php(118): App\Core\Router->dispatch(Object(App\Core\Request))
#2 {main}
  thrown in /server/http/src/Controller/RecipeController.php on line 39
[09-Apr-2025 16:09:55 UTC] Checking if tables exist...
[09-Apr-2025 16:09:55 UTC] All tables already exist. Skipping table creation.
[09-Apr-2025 16:09:55 UTC] PHP Fatal error:  Uncaught Error: Call to undefined method App\Repository\RecipeRepository::count() in /server/http/src/Controller/RecipeController.php:39
Stack trace:
#0 /server/http/src/Core/Router.php(53): App\Controller\RecipeController->listAll(Object(App\Core\Request))
#1 /server/http/web/index.php(118): App\Core\Router->dispatch(Object(App\Core\Request))
#2 {main}
  thrown in /server/http/src/Controller/RecipeController.php on line 39
[09-Apr-2025 16:10:02 UTC] Checking if tables exist...
[09-Apr-2025 16:10:02 UTC] All tables already exist. Skipping table creation.
[09-Apr-2025 16:10:02 UTC] Checking if tables exist...
[09-Apr-2025 16:10:02 UTC] All tables already exist. Skipping table creation.
[09-Apr-2025 16:10:05 UTC] Checking if tables exist...
[09-Apr-2025 16:10:05 UTC] All tables already exist. Skipping table creation.
[09-Apr-2025 16:10:06 UTC] Checking if tables exist...
[09-Apr-2025 16:10:06 UTC] All tables already exist. Skipping table creation.
[09-Apr-2025 16:10:14 UTC] Checking if tables exist...
[09-Apr-2025 16:10:14 UTC] All tables already exist. Skipping table creation.
[09-Apr-2025 16:10:14 UTC] PHP Fatal error:  Uncaught Error: Call to undefined method App\Repository\RecipeRepository::count() in /server/http/src/Controller/RecipeController.php:39
Stack trace:
#0 /server/http/src/Core/Router.php(53): App\Controller\RecipeController->listAll(Object(App\Core\Request))
#1 /server/http/web/index.php(118): App\Core\Router->dispatch(Object(App\Core\Request))
#2 {main}
  thrown in /server/http/src/Controller/RecipeController.php on line 39
[09-Apr-2025 16:11:10 UTC] Checking if tables exist...
[09-Apr-2025 16:11:10 UTC] All tables already exist. Skipping table creation.
[09-Apr-2025 16:11:10 UTC] Checking if tables exist...
[09-Apr-2025 16:11:10 UTC] All tables already exist. Skipping table creation.
[09-Apr-2025 16:11:13 UTC] Checking if tables exist...
[09-Apr-2025 16:11:13 UTC] All tables already exist. Skipping table creation.
[09-Apr-2025 16:11:13 UTC] PHP Fatal error:  Uncaught Error: Call to undefined method App\Repository\RecipeRepository::count() in /server/http/src/Controller/RecipeController.php:39
Stack trace:
#0 /server/http/src/Core/Router.php(53): App\Controller\RecipeController->listAll(Object(App\Core\Request))
#1 /server/http/web/index.php(118): App\Core\Router->dispatch(Object(App\Core\Request))
#2 {main}
  thrown in /server/http/src/Controller/RecipeController.php on line 39
[09-Apr-2025 16:11:13 UTC] Checking if tables exist...
[09-Apr-2025 16:11:13 UTC] All tables already exist. Skipping table creation.
[09-Apr-2025 16:11:13 UTC] PHP Fatal error:  Uncaught Error: Call to undefined method App\Repository\RecipeRepository::count() in /server/http/src/Controller/RecipeController.php:39
Stack trace:
#0 /server/http/src/Core/Router.php(53): App\Controller\RecipeController->listAll(Object(App\Core\Request))
#1 /server/http/web/index.php(118): App\Core\Router->dispatch(Object(App\Core\Request))
#2 {main}
  thrown in /server/http/src/Controller/RecipeController.php on line 39
[09-Apr-2025 16:16:11 UTC] Checking if tables exist...
[09-Apr-2025 16:16:11 UTC] All tables already exist. Skipping table creation.
[09-Apr-2025 16:16:11 UTC] Checking if tables exist...
[09-Apr-2025 16:16:11 UTC] All tables already exist. Skipping table creation.
[09-Apr-2025 16:16:18 UTC] Checking if tables exist...
[09-Apr-2025 16:16:18 UTC] All tables already exist. Skipping table creation.
[09-Apr-2025 16:16:21 UTC] Checking if tables exist...
[09-Apr-2025 16:16:21 UTC] All tables already exist. Skipping table creation.
[09-Apr-2025 16:16:33 UTC] Checking if tables exist...
[09-Apr-2025 16:16:33 UTC] All tables already exist. Skipping table creation.
[09-Apr-2025 16:16:34 UTC] Checking if tables exist...
[09-Apr-2025 16:16:34 UTC] All tables already exist. Skipping table creation.
[09-Apr-2025 16:16:41 UTC] Checking if tables exist...
[09-Apr-2025 16:16:41 UTC] All tables already exist. Skipping table creation.
[09-Apr-2025 16:16:50 UTC] Checking if tables exist...
[09-Apr-2025 16:16:50 UTC] All tables already exist. Skipping table creation.
[09-Apr-2025 16:17:03 UTC] Checking if tables exist...
[09-Apr-2025 16:17:03 UTC] All tables already exist. Skipping table creation.
[09-Apr-2025 16:20:18 UTC] PHP Parse error:  syntax error, unexpected ',' in /server/http/src/Core/Router.php on line 83
[09-Apr-2025 16:20:18 UTC] PHP Parse error:  syntax error, unexpected ',' in /server/http/src/Core/Router.php on line 83
[09-Apr-2025 16:20:24 UTC] PHP Parse error:  syntax error, unexpected ',' in /server/http/src/Core/Router.php on line 83
[09-Apr-2025 16:20:24 UTC] PHP Parse error:  syntax error, unexpected ',' in /server/http/src/Core/Router.php on line 83
[09-Apr-2025 16:22:00 UTC] Checking if tables exist...
[09-Apr-2025 16:22:00 UTC] All tables already exist. Skipping table creation.
[09-Apr-2025 16:22:10 UTC] Checking if tables exist...
[09-Apr-2025 16:22:10 UTC] All tables already exist. Skipping table creation.
[09-Apr-2025 16:22:18 UTC] Checking if tables exist...
[09-Apr-2025 16:22:18 UTC] All tables already exist. Skipping table creation.
[09-Apr-2025 16:22:18 UTC] Checking if tables exist...
[09-Apr-2025 16:22:18 UTC] All tables already exist. Skipping table creation.
[09-Apr-2025 16:22:29 UTC] Checking if tables exist...
[09-Apr-2025 16:22:29 UTC] All tables already exist. Skipping table creation.
[09-Apr-2025 16:22:30 UTC] Checking if tables exist...
[09-Apr-2025 16:22:30 UTC] All tables already exist. Skipping table creation.
[09-Apr-2025 16:25:08 UTC] Checking if tables exist...
[09-Apr-2025 16:25:08 UTC] All tables already exist. Skipping table creation.
[09-Apr-2025 16:25:13 UTC] Checking if tables exist...
[09-Apr-2025 16:25:13 UTC] All tables already exist. Skipping table creation.
[09-Apr-2025 16:25:13 UTC] PHP Fatal error:  Uncaught Error: Call to undefined method App\Core\Request::setParam() in /server/http/src/Core/Router.php:61
Stack trace:
#0 /server/http/web/index.php(118): App\Core\Router->dispatch(Object(App\Core\Request))
#1 {main}
  thrown in /server/http/src/Core/Router.php on line 61
[09-Apr-2025 16:25:13 UTC] Checking if tables exist...
[09-Apr-2025 16:25:13 UTC] All tables already exist. Skipping table creation.
[09-Apr-2025 16:25:13 UTC] PHP Fatal error:  Uncaught Error: Call to undefined method App\Core\Request::setParam() in /server/http/src/Core/Router.php:61
Stack trace:
#0 /server/http/web/index.php(118): App\Core\Router->dispatch(Object(App\Core\Request))
#1 {main}
  thrown in /server/http/src/Core/Router.php on line 61
[09-Apr-2025 16:25:19 UTC] Checking if tables exist...
[09-Apr-2025 16:25:19 UTC] All tables already exist. Skipping table creation.
[09-Apr-2025 16:25:19 UTC] PHP Fatal error:  Uncaught Error: Call to undefined method App\Core\Request::setParam() in /server/http/src/Core/Router.php:61
Stack trace:
#0 /server/http/web/index.php(118): App\Core\Router->dispatch(Object(App\Core\Request))
#1 {main}
  thrown in /server/http/src/Core/Router.php on line 61
[09-Apr-2025 16:25:19 UTC] Checking if tables exist...
[09-Apr-2025 16:25:19 UTC] All tables already exist. Skipping table creation.
[09-Apr-2025 16:25:19 UTC] PHP Fatal error:  Uncaught Error: Call to undefined method App\Core\Request::setParam() in /server/http/src/Core/Router.php:61
Stack trace:
#0 /server/http/web/index.php(118): App\Core\Router->dispatch(Object(App\Core\Request))
#1 {main}
  thrown in /server/http/src/Core/Router.php on line 61
[09-Apr-2025 16:25:24 UTC] Checking if tables exist...
[09-Apr-2025 16:25:24 UTC] All tables already exist. Skipping table creation.
[09-Apr-2025 16:25:44 UTC] Checking if tables exist...
[09-Apr-2025 16:25:44 UTC] All tables already exist. Skipping table creation.
[09-Apr-2025 16:25:44 UTC] Checking if tables exist...
[09-Apr-2025 16:25:44 UTC] All tables already exist. Skipping table creation.
[09-Apr-2025 16:25:50 UTC] Checking if tables exist...
[09-Apr-2025 16:25:50 UTC] All tables already exist. Skipping table creation.
[09-Apr-2025 16:25:50 UTC] Checking if tables exist...
[09-Apr-2025 16:25:50 UTC] All tables already exist. Skipping table creation.
[09-Apr-2025 16:25:54 UTC] Checking if tables exist...
[09-Apr-2025 16:25:54 UTC] All tables already exist. Skipping table creation.
[09-Apr-2025 16:25:54 UTC] Checking if tables exist...
[09-Apr-2025 16:25:54 UTC] All tables already exist. Skipping table creation.
[09-Apr-2025 16:26:04 UTC] Checking if tables exist...
[09-Apr-2025 16:26:04 UTC] All tables already exist. Skipping table creation.
[09-Apr-2025 16:26:04 UTC] PHP Fatal error:  Uncaught Error: Call to undefined method App\Core\Request::setParam() in /server/http/src/Core/Router.php:61
Stack trace:
#0 /server/http/web/index.php(118): App\Core\Router->dispatch(Object(App\Core\Request))
#1 {main}
  thrown in /server/http/src/Core/Router.php on line 61
[09-Apr-2025 16:26:04 UTC] Checking if tables exist...
[09-Apr-2025 16:26:04 UTC] All tables already exist. Skipping table creation.
[09-Apr-2025 16:26:04 UTC] PHP Fatal error:  Uncaught Error: Call to undefined method App\Core\Request::setParam() in /server/http/src/Core/Router.php:61
Stack trace:
#0 /server/http/web/index.php(118): App\Core\Router->dispatch(Object(App\Core\Request))
#1 {main}
  thrown in /server/http/src/Core/Router.php on line 61
[09-Apr-2025 16:26:12 UTC] Checking if tables exist...
[09-Apr-2025 16:26:12 UTC] All tables already exist. Skipping table creation.
[09-Apr-2025 16:26:12 UTC] PHP Fatal error:  Uncaught Error: Call to undefined method App\Core\Request::setParam() in /server/http/src/Core/Router.php:61
Stack trace:
#0 /server/http/web/index.php(118): App\Core\Router->dispatch(Object(App\Core\Request))
#1 {main}
  thrown in /server/http/src/Core/Router.php on line 61
[09-Apr-2025 16:26:12 UTC] Checking if tables exist...
[09-Apr-2025 16:26:13 UTC] All tables already exist. Skipping table creation.
[09-Apr-2025 16:26:13 UTC] PHP Fatal error:  Uncaught Error: Call to undefined method App\Core\Request::setParam() in /server/http/src/Core/Router.php:61
Stack trace:
#0 /server/http/web/index.php(118): App\Core\Router->dispatch(Object(App\Core\Request))
#1 {main}
  thrown in /server/http/src/Core/Router.php on line 61
[09-Apr-2025 16:27:18 UTC] Checking if tables exist...
[09-Apr-2025 16:27:18 UTC] All tables already exist. Skipping table creation.
[09-Apr-2025 16:27:18 UTC] PHP Fatal error:  Uncaught Error: Call to undefined method App\Core\Request::setParam() in /server/http/src/Core/Router.php:61
Stack trace:
#0 /server/http/web/index.php(118): App\Core\Router->dispatch(Object(App\Core\Request))
#1 {main}
  thrown in /server/http/src/Core/Router.php on line 61
[09-Apr-2025 16:27:18 UTC] Checking if tables exist...
[09-Apr-2025 16:27:18 UTC] All tables already exist. Skipping table creation.
[09-Apr-2025 16:27:18 UTC] PHP Fatal error:  Uncaught Error: Call to undefined method App\Core\Request::setParam() in /server/http/src/Core/Router.php:61
Stack trace:
#0 /server/http/web/index.php(118): App\Core\Router->dispatch(Object(App\Core\Request))
#1 {main}
  thrown in /server/http/src/Core/Router.php on line 61
[09-Apr-2025 16:27:21 UTC] Checking if tables exist...
[09-Apr-2025 16:27:21 UTC] All tables already exist. Skipping table creation.
[09-Apr-2025 16:27:21 UTC] PHP Fatal error:  Uncaught Error: Call to undefined method App\Core\Request::setParam() in /server/http/src/Core/Router.php:61
Stack trace:
#0 /server/http/web/index.php(118): App\Core\Router->dispatch(Object(App\Core\Request))
#1 {main}
  thrown in /server/http/src/Core/Router.php on line 61
[09-Apr-2025 16:27:22 UTC] Checking if tables exist...
[09-Apr-2025 16:27:22 UTC] All tables already exist. Skipping table creation.
[09-Apr-2025 16:27:22 UTC] PHP Fatal error:  Uncaught Error: Call to undefined method App\Core\Request::setParam() in /server/http/src/Core/Router.php:61
Stack trace:
#0 /server/http/web/index.php(118): App\Core\Router->dispatch(Object(App\Core\Request))
#1 {main}
  thrown in /server/http/src/Core/Router.php on line 61
[09-Apr-2025 16:27:26 UTC] Checking if tables exist...
[09-Apr-2025 16:27:26 UTC] All tables already exist. Skipping table creation.
[09-Apr-2025 16:27:26 UTC] Checking if tables exist...
[09-Apr-2025 16:27:26 UTC] All tables already exist. Skipping table creation.
[09-Apr-2025 16:27:30 UTC] Checking if tables exist...
[09-Apr-2025 16:27:30 UTC] All tables already exist. Skipping table creation.
[09-Apr-2025 16:27:30 UTC] PHP Fatal error:  Uncaught Error: Call to undefined method App\Core\Request::setParam() in /server/http/src/Core/Router.php:61
Stack trace:
#0 /server/http/web/index.php(118): App\Core\Router->dispatch(Object(App\Core\Request))
#1 {main}
  thrown in /server/http/src/Core/Router.php on line 61
[09-Apr-2025 16:27:30 UTC] Checking if tables exist...
[09-Apr-2025 16:27:30 UTC] All tables already exist. Skipping table creation.
[09-Apr-2025 16:27:30 UTC] PHP Fatal error:  Uncaught Error: Call to undefined method App\Core\Request::setParam() in /server/http/src/Core/Router.php:61
Stack trace:
#0 /server/http/web/index.php(118): App\Core\Router->dispatch(Object(App\Core\Request))
#1 {main}
  thrown in /server/http/src/Core/Router.php on line 61
[09-Apr-2025 16:27:34 UTC] Checking if tables exist...
[09-Apr-2025 16:27:34 UTC] All tables already exist. Skipping table creation.
[09-Apr-2025 16:27:34 UTC] Checking if tables exist...
[09-Apr-2025 16:27:34 UTC] All tables already exist. Skipping table creation.
[09-Apr-2025 16:28:07 UTC] Checking if tables exist...
[09-Apr-2025 16:28:07 UTC] All tables already exist. Skipping table creation.
[09-Apr-2025 16:28:07 UTC] Checking if tables exist...
[09-Apr-2025 16:28:07 UTC] All tables already exist. Skipping table creation.
[09-Apr-2025 16:28:08 UTC] Checking if tables exist...
[09-Apr-2025 16:28:08 UTC] All tables already exist. Skipping table creation.
[09-Apr-2025 16:28:09 UTC] Checking if tables exist...
[09-Apr-2025 16:28:09 UTC] All tables already exist. Skipping table creation.
[09-Apr-2025 16:28:18 UTC] Checking if tables exist...
[09-Apr-2025 16:28:18 UTC] All tables already exist. Skipping table creation.
[09-Apr-2025 16:28:18 UTC] Checking if tables exist...
[09-Apr-2025 16:28:18 UTC] All tables already exist. Skipping table creation.
[09-Apr-2025 16:28:23 UTC] Checking if tables exist...
[09-Apr-2025 16:28:23 UTC] All tables already exist. Skipping table creation.
[09-Apr-2025 16:28:23 UTC] Checking if tables exist...
[09-Apr-2025 16:28:23 UTC] All tables already exist. Skipping table creation.
[09-Apr-2025 16:28:27 UTC] Checking if tables exist...
[09-Apr-2025 16:28:28 UTC] All tables already exist. Skipping table creation.
[09-Apr-2025 16:28:28 UTC] Checking if tables exist...
[09-Apr-2025 16:28:28 UTC] All tables already exist. Skipping table creation.
[09-Apr-2025 16:28:41 UTC] Checking if tables exist...
[09-Apr-2025 16:28:41 UTC] All tables already exist. Skipping table creation.
[09-Apr-2025 16:29:05 UTC] Checking if tables exist...
[09-Apr-2025 16:29:05 UTC] All tables already exist. Skipping table creation.
[09-Apr-2025 16:29:16 UTC] Checking if tables exist...
[09-Apr-2025 16:29:16 UTC] All tables already exist. Skipping table creation.
[09-Apr-2025 16:29:30 UTC] Checking if tables exist...
[09-Apr-2025 16:29:30 UTC] All tables already exist. Skipping table creation.
[09-Apr-2025 16:29:37 UTC] Checking if tables exist...
[09-Apr-2025 16:29:37 UTC] All tables already exist. Skipping table creation.
[09-Apr-2025 16:29:40 UTC] Checking if tables exist...
[09-Apr-2025 16:29:40 UTC] All tables already exist. Skipping table creation.
[09-Apr-2025 16:29:40 UTC] Checking if tables exist...
[09-Apr-2025 16:29:40 UTC] All tables already exist. Skipping table creation.
[09-Apr-2025 16:29:53 UTC] Checking if tables exist...
[09-Apr-2025 16:29:53 UTC] All tables already exist. Skipping table creation.
[09-Apr-2025 16:32:29 UTC] Checking if tables exist...
[09-Apr-2025 16:32:29 UTC] All tables already exist. Skipping table creation.
[09-Apr-2025 16:33:20 UTC] Checking if tables exist...
[09-Apr-2025 16:33:20 UTC] All tables already exist. Skipping table creation.
[09-Apr-2025 16:33:43 UTC] Checking if tables exist...
[09-Apr-2025 16:33:43 UTC] All tables already exist. Skipping table creation.
[09-Apr-2025 16:34:08 UTC] Checking if tables exist...
[09-Apr-2025 16:34:08 UTC] All tables already exist. Skipping table creation.
[09-Apr-2025 16:34:36 UTC] Checking if tables exist...
[09-Apr-2025 16:34:36 UTC] All tables already exist. Skipping table creation.
[09-Apr-2025 16:34:54 UTC] Checking if tables exist...
[09-Apr-2025 16:34:54 UTC] All tables already exist. Skipping table creation.
[09-Apr-2025 16:35:06 UTC] Checking if tables exist...
[09-Apr-2025 16:35:06 UTC] All tables already exist. Skipping table creation.
[09-Apr-2025 16:35:23 UTC] Checking if tables exist...
[09-Apr-2025 16:35:23 UTC] All tables already exist. Skipping table creation.
[09-Apr-2025 16:35:36 UTC] Checking if tables exist...
[09-Apr-2025 16:35:36 UTC] All tables already exist. Skipping table creation.
[09-Apr-2025 16:38:25 UTC] Checking if tables exist...
[09-Apr-2025 16:38:25 UTC] All tables already exist. Skipping table creation.
[09-Apr-2025 16:38:29 UTC] Checking if tables exist...
[09-Apr-2025 16:38:29 UTC] All tables already exist. Skipping table creation.
[09-Apr-2025 16:38:33 UTC] Checking if tables exist...
[09-Apr-2025 16:38:33 UTC] All tables already exist. Skipping table creation.
[09-Apr-2025 16:42:18 UTC] Checking if tables exist...
[09-Apr-2025 16:42:18 UTC] All tables already exist. Skipping table creation.
[09-Apr-2025 16:45:21 UTC] Checking if tables exist...
[09-Apr-2025 16:45:21 UTC] All tables already exist. Skipping table creation.
[09-Apr-2025 16:45:21 UTC] PHP Parse error:  syntax error, unexpected '/' in /server/http/src/Controller/RecipeController.php on line 71
[09-Apr-2025 16:46:45 UTC] Checking if tables exist...
[09-Apr-2025 16:46:45 UTC] All tables already exist. Skipping table creation.
[09-Apr-2025 16:47:28 UTC] Checking if tables exist...
[09-Apr-2025 16:47:28 UTC] All tables already exist. Skipping table creation.
[09-Apr-2025 16:47:56 UTC] Checking if tables exist...
[09-Apr-2025 16:47:56 UTC] All tables already exist. Skipping table creation.
[09-Apr-2025 16:48:01 UTC] Checking if tables exist...
[09-Apr-2025 16:48:01 UTC] All tables already exist. Skipping table creation.
[09-Apr-2025 16:48:15 UTC] Checking if tables exist...
[09-Apr-2025 16:48:15 UTC] All tables already exist. Skipping table creation.
[09-Apr-2025 16:48:16 UTC] Checking if tables exist...
[09-Apr-2025 16:48:16 UTC] All tables already exist. Skipping table creation.
[09-Apr-2025 16:48:23 UTC] Checking if tables exist...
[09-Apr-2025 16:48:23 UTC] All tables already exist. Skipping table creation.
[09-Apr-2025 16:48:32 UTC] Checking if tables exist...
[09-Apr-2025 16:48:32 UTC] All tables already exist. Skipping table creation.
[09-Apr-2025 16:53:47 UTC] Checking if tables exist...
[09-Apr-2025 16:53:47 UTC] All tables already exist. Skipping table creation.
[09-Apr-2025 16:53:51 UTC] Checking if tables exist...
[09-Apr-2025 16:53:51 UTC] All tables already exist. Skipping table creation.
[09-Apr-2025 16:55:03 UTC] Checking if tables exist...
[09-Apr-2025 16:55:03 UTC] All tables already exist. Skipping table creation.
[09-Apr-2025 16:57:49 UTC] Checking if tables exist...
[09-Apr-2025 16:57:49 UTC] All tables already exist. Skipping table creation.
[09-Apr-2025 16:57:50 UTC] Checking if tables exist...
[09-Apr-2025 16:57:50 UTC] All tables already exist. Skipping table creation.
[09-Apr-2025 16:57:57 UTC] Checking if tables exist...
[09-Apr-2025 16:57:57 UTC] All tables already exist. Skipping table creation.
[09-Apr-2025 16:58:01 UTC] Checking if tables exist...
[09-Apr-2025 16:58:01 UTC] All tables already exist. Skipping table creation.
[09-Apr-2025 16:58:58 UTC] Checking if tables exist...
[09-Apr-2025 16:58:58 UTC] All tables already exist. Skipping table creation.
[09-Apr-2025 16:58:59 UTC] Checking if tables exist...
[09-Apr-2025 16:58:59 UTC] All tables already exist. Skipping table creation.
[09-Apr-2025 16:59:12 UTC] Checking if tables exist...
[09-Apr-2025 16:59:12 UTC] All tables already exist. Skipping table creation.
[09-Apr-2025 16:59:12 UTC] Checking if tables exist...
[09-Apr-2025 16:59:12 UTC] All tables already exist. Skipping table creation.
[09-Apr-2025 16:59:22 UTC] Checking if tables exist...
[09-Apr-2025 16:59:22 UTC] All tables already exist. Skipping table creation.
[09-Apr-2025 16:59:28 UTC] Checking if tables exist...
[09-Apr-2025 16:59:29 UTC] All tables already exist. Skipping table creation.
[09-Apr-2025 16:59:30 UTC] Checking if tables exist...
[09-Apr-2025 16:59:30 UTC] All tables already exist. Skipping table creation.
[09-Apr-2025 16:59:33 UTC] Checking if tables exist...
[09-Apr-2025 16:59:33 UTC] All tables already exist. Skipping table creation.
[09-Apr-2025 16:59:38 UTC] Checking if tables exist...
[09-Apr-2025 16:59:38 UTC] All tables already exist. Skipping table creation.
[09-Apr-2025 16:59:45 UTC] Checking if tables exist...
[09-Apr-2025 16:59:45 UTC] All tables already exist. Skipping table creation.
[09-Apr-2025 17:00:43 UTC] Checking if tables exist...
[09-Apr-2025 17:00:43 UTC] All tables already exist. Skipping table creation.
[09-Apr-2025 17:00:47 UTC] Checking if tables exist...
[09-Apr-2025 17:00:47 UTC] All tables already exist. Skipping table creation.
[09-Apr-2025 17:02:27 UTC] Checking if tables exist...
[09-Apr-2025 17:02:27 UTC] All tables already exist. Skipping table creation.
[09-Apr-2025 17:02:31 UTC] Checking if tables exist...
[09-Apr-2025 17:02:31 UTC] All tables already exist. Skipping table creation.
[09-Apr-2025 17:02:44 UTC] Checking if tables exist...
[09-Apr-2025 17:02:44 UTC] All tables already exist. Skipping table creation.
[09-Apr-2025 17:04:08 UTC] Checking if tables exist...
[09-Apr-2025 17:04:08 UTC] All tables already exist. Skipping table creation.
[09-Apr-2025 17:04:09 UTC] Checking if tables exist...
[09-Apr-2025 17:04:09 UTC] All tables already exist. Skipping table creation.
[09-Apr-2025 17:04:19 UTC] Checking if tables exist...
[09-Apr-2025 17:04:19 UTC] All tables already exist. Skipping table creation.
[09-Apr-2025 17:04:20 UTC] Checking if tables exist...
[09-Apr-2025 17:04:20 UTC] All tables already exist. Skipping table creation.
[09-Apr-2025 17:04:25 UTC] Checking if tables exist...
[09-Apr-2025 17:04:25 UTC] All tables already exist. Skipping table creation.
[09-Apr-2025 17:04:25 UTC] Checking if tables exist...
[09-Apr-2025 17:04:25 UTC] All tables already exist. Skipping table creation.
[09-Apr-2025 17:10:23 UTC] Checking if tables exist...
[09-Apr-2025 17:10:23 UTC] All tables already exist. Skipping table creation.
[09-Apr-2025 17:10:23 UTC] Checking if tables exist...
[09-Apr-2025 17:10:23 UTC] All tables already exist. Skipping table creation.
[09-Apr-2025 17:10:29 UTC] Checking if tables exist...
[09-Apr-2025 17:10:29 UTC] All tables already exist. Skipping table creation.
[09-Apr-2025 17:10:30 UTC] Checking if tables exist...
[09-Apr-2025 17:10:30 UTC] All tables already exist. Skipping table creation.
[09-Apr-2025 17:10:35 UTC] Checking if tables exist...
[09-Apr-2025 17:10:35 UTC] All tables already exist. Skipping table creation.
[09-Apr-2025 17:16:07 UTC] Checking if tables exist...
[09-Apr-2025 17:16:07 UTC] All tables already exist. Skipping table creation.
[09-Apr-2025 17:16:14 UTC] Checking if tables exist...
[09-Apr-2025 17:16:14 UTC] All tables already exist. Skipping table creation.
[09-Apr-2025 17:16:19 UTC] Checking if tables exist...
[09-Apr-2025 17:16:19 UTC] All tables already exist. Skipping table creation.
[09-Apr-2025 17:19:06 UTC] Checking if tables exist...
[09-Apr-2025 17:19:06 UTC] All tables already exist. Skipping table creation.
[09-Apr-2025 17:19:10 UTC] Checking if tables exist...
[09-Apr-2025 17:19:10 UTC] All tables already exist. Skipping table creation.
[09-Apr-2025 17:19:32 UTC] Checking if tables exist...
[09-Apr-2025 17:19:32 UTC] All tables already exist. Skipping table creation.
[09-Apr-2025 17:19:32 UTC] Checking if tables exist...
[09-Apr-2025 17:19:32 UTC] All tables already exist. Skipping table creation.
[09-Apr-2025 17:19:36 UTC] Checking if tables exist...
[09-Apr-2025 17:19:36 UTC] All tables already exist. Skipping table creation.
[09-Apr-2025 17:19:36 UTC] Checking if tables exist...
[09-Apr-2025 17:19:36 UTC] All tables already exist. Skipping table creation.
[09-Apr-2025 17:19:38 UTC] Checking if tables exist...
[09-Apr-2025 17:19:38 UTC] All tables already exist. Skipping table creation.
[09-Apr-2025 17:19:39 UTC] Checking if tables exist...
[09-Apr-2025 17:19:39 UTC] All tables already exist. Skipping table creation.
[09-Apr-2025 17:19:43 UTC] Checking if tables exist...
[09-Apr-2025 17:19:43 UTC] All tables already exist. Skipping table creation.
[09-Apr-2025 17:19:43 UTC] Checking if tables exist...
[09-Apr-2025 17:19:43 UTC] All tables already exist. Skipping table creation.
[09-Apr-2025 17:19:46 UTC] Checking if tables exist...
[09-Apr-2025 17:19:46 UTC] All tables already exist. Skipping table creation.
[09-Apr-2025 17:19:46 UTC] Checking if tables exist...
[09-Apr-2025 17:19:46 UTC] All tables already exist. Skipping table creation.
[09-Apr-2025 17:19:51 UTC] Checking if tables exist...
[09-Apr-2025 17:19:51 UTC] All tables already exist. Skipping table creation.
[09-Apr-2025 17:19:51 UTC] Checking if tables exist...
[09-Apr-2025 17:19:51 UTC] All tables already exist. Skipping table creation.
[09-Apr-2025 17:19:58 UTC] Checking if tables exist...
[09-Apr-2025 17:19:58 UTC] All tables already exist. Skipping table creation.
[09-Apr-2025 17:19:58 UTC] Checking if tables exist...
[09-Apr-2025 17:19:58 UTC] All tables already exist. Skipping table creation.
[09-Apr-2025 17:20:02 UTC] Checking if tables exist...
[09-Apr-2025 17:20:02 UTC] All tables already exist. Skipping table creation.
[09-Apr-2025 17:20:03 UTC] Checking if tables exist...
[09-Apr-2025 17:20:03 UTC] All tables already exist. Skipping table creation.
[09-Apr-2025 17:20:06 UTC] Checking if tables exist...
[09-Apr-2025 17:20:06 UTC] All tables already exist. Skipping table creation.
[09-Apr-2025 17:20:06 UTC] Checking if tables exist...
[09-Apr-2025 17:20:06 UTC] All tables already exist. Skipping table creation.
[09-Apr-2025 17:20:09 UTC] Checking if tables exist...
[09-Apr-2025 17:20:09 UTC] All tables already exist. Skipping table creation.
[09-Apr-2025 17:20:09 UTC] Checking if tables exist...
[09-Apr-2025 17:20:09 UTC] All tables already exist. Skipping table creation.
[09-Apr-2025 17:22:14 UTC] Checking if tables exist...
[09-Apr-2025 17:22:14 UTC] All tables already exist. Skipping table creation.
[09-Apr-2025 17:22:14 UTC] Checking if tables exist...
[09-Apr-2025 17:22:14 UTC] All tables already exist. Skipping table creation.
[09-Apr-2025 17:22:25 UTC] Checking if tables exist...
[09-Apr-2025 17:22:25 UTC] All tables already exist. Skipping table creation.
[09-Apr-2025 17:22:25 UTC] Checking if tables exist...
[09-Apr-2025 17:22:25 UTC] All tables already exist. Skipping table creation.
[09-Apr-2025 17:22:28 UTC] Checking if tables exist...
[09-Apr-2025 17:22:28 UTC] All tables already exist. Skipping table creation.
[09-Apr-2025 17:22:28 UTC] Checking if tables exist...
[09-Apr-2025 17:22:29 UTC] All tables already exist. Skipping table creation.
[09-Apr-2025 17:22:33 UTC] Checking if tables exist...
[09-Apr-2025 17:22:33 UTC] All tables already exist. Skipping table creation.
[09-Apr-2025 17:23:15 UTC] Checking if tables exist...
[09-Apr-2025 17:23:15 UTC] All tables already exist. Skipping table creation.
[09-Apr-2025 17:23:16 UTC] Checking if tables exist...
[09-Apr-2025 17:23:16 UTC] All tables already exist. Skipping table creation.
[09-Apr-2025 17:23:21 UTC] Checking if tables exist...
[09-Apr-2025 17:23:21 UTC] All tables already exist. Skipping table creation.
[09-Apr-2025 17:23:21 UTC] Checking if tables exist...
[09-Apr-2025 17:23:21 UTC] All tables already exist. Skipping table creation.
[09-Apr-2025 17:23:25 UTC] Checking if tables exist...
[09-Apr-2025 17:23:25 UTC] All tables already exist. Skipping table creation.
[09-Apr-2025 17:23:25 UTC] Checking if tables exist...
[09-Apr-2025 17:23:25 UTC] All tables already exist. Skipping table creation.
[09-Apr-2025 17:23:30 UTC] Checking if tables exist...
[09-Apr-2025 17:23:30 UTC] All tables already exist. Skipping table creation.
[09-Apr-2025 17:23:30 UTC] Checking if tables exist...
[09-Apr-2025 17:23:30 UTC] All tables already exist. Skipping table creation.
[09-Apr-2025 17:23:32 UTC] Checking if tables exist...
[09-Apr-2025 17:23:32 UTC] All tables already exist. Skipping table creation.
[09-Apr-2025 17:23:33 UTC] Checking if tables exist...
[09-Apr-2025 17:23:33 UTC] All tables already exist. Skipping table creation.
[09-Apr-2025 17:23:43 UTC] Checking if tables exist...
[09-Apr-2025 17:23:43 UTC] All tables already exist. Skipping table creation.
[09-Apr-2025 17:23:44 UTC] Checking if tables exist...
[09-Apr-2025 17:23:44 UTC] All tables already exist. Skipping table creation.
[09-Apr-2025 17:23:47 UTC] Checking if tables exist...
[09-Apr-2025 17:23:47 UTC] All tables already exist. Skipping table creation.
[09-Apr-2025 17:23:47 UTC] Checking if tables exist...
[09-Apr-2025 17:23:47 UTC] All tables already exist. Skipping table creation.
[09-Apr-2025 17:23:55 UTC] Checking if tables exist...
[09-Apr-2025 17:23:55 UTC] All tables already exist. Skipping table creation.
[09-Apr-2025 17:23:55 UTC] Checking if tables exist...
[09-Apr-2025 17:23:55 UTC] All tables already exist. Skipping table creation.
[09-Apr-2025 17:24:11 UTC] Checking if tables exist...
[09-Apr-2025 17:24:11 UTC] All tables already exist. Skipping table creation.
[09-Apr-2025 17:24:12 UTC] Checking if tables exist...
[09-Apr-2025 17:24:12 UTC] All tables already exist. Skipping table creation.
[09-Apr-2025 17:24:48 UTC] Checking if tables exist...
[09-Apr-2025 17:24:48 UTC] All tables already exist. Skipping table creation.
[09-Apr-2025 17:24:48 UTC] Checking if tables exist...
[09-Apr-2025 17:24:48 UTC] All tables already exist. Skipping table creation.
[09-Apr-2025 17:24:54 UTC] Checking if tables exist...
[09-Apr-2025 17:24:54 UTC] All tables already exist. Skipping table creation.
[09-Apr-2025 17:24:54 UTC] Checking if tables exist...
[09-Apr-2025 17:24:54 UTC] All tables already exist. Skipping table creation.
[09-Apr-2025 17:24:59 UTC] Checking if tables exist...
[09-Apr-2025 17:24:59 UTC] All tables already exist. Skipping table creation.
[09-Apr-2025 17:25:00 UTC] Checking if tables exist...
[09-Apr-2025 17:25:00 UTC] All tables already exist. Skipping table creation.
[09-Apr-2025 17:25:02 UTC] Checking if tables exist...
[09-Apr-2025 17:25:02 UTC] All tables already exist. Skipping table creation.
[09-Apr-2025 17:25:02 UTC] Checking if tables exist...
[09-Apr-2025 17:25:02 UTC] All tables already exist. Skipping table creation.
[09-Apr-2025 17:25:13 UTC] Checking if tables exist...
[09-Apr-2025 17:25:13 UTC] All tables already exist. Skipping table creation.
[09-Apr-2025 17:25:13 UTC] Checking if tables exist...
[09-Apr-2025 17:25:13 UTC] All tables already exist. Skipping table creation.
[09-Apr-2025 17:25:17 UTC] Checking if tables exist...
[09-Apr-2025 17:25:17 UTC] All tables already exist. Skipping table creation.
[09-Apr-2025 17:25:25 UTC] Checking if tables exist...
[09-Apr-2025 17:25:25 UTC] All tables already exist. Skipping table creation.
[09-Apr-2025 17:29:06 UTC] PHP Parse error:  syntax error, unexpected '>' in /server/http/src/Core/Router.php on line 55
[09-Apr-2025 17:29:07 UTC] PHP Parse error:  syntax error, unexpected '>' in /server/http/src/Core/Router.php on line 55
[09-Apr-2025 17:29:19 UTC] PHP Parse error:  syntax error, unexpected '>' in /server/http/src/Core/Router.php on line 55
[09-Apr-2025 17:29:37 UTC] PHP Parse error:  syntax error, unexpected '>' in /server/http/src/Core/Router.php on line 55
[09-Apr-2025 17:29:41 UTC] PHP Parse error:  syntax error, unexpected '>' in /server/http/src/Core/Router.php on line 55
[09-Apr-2025 17:29:43 UTC] PHP Parse error:  syntax error, unexpected '>' in /server/http/src/Core/Router.php on line 55
[09-Apr-2025 17:29:48 UTC] PHP Parse error:  syntax error, unexpected '>' in /server/http/src/Core/Router.php on line 55
[09-Apr-2025 17:29:55 UTC] PHP Parse error:  syntax error, unexpected '>' in /server/http/src/Core/Router.php on line 55
[09-Apr-2025 17:29:59 UTC] PHP Parse error:  syntax error, unexpected '>' in /server/http/src/Core/Router.php on line 55
[09-Apr-2025 17:30:59 UTC] PHP Parse error:  syntax error, unexpected '>' in /server/http/src/Core/Router.php on line 55
[09-Apr-2025 17:31:03 UTC] PHP Parse error:  syntax error, unexpected '>' in /server/http/src/Core/Router.php on line 55
[09-Apr-2025 17:32:12 UTC] Checking if tables exist...
[09-Apr-2025 17:32:12 UTC] All tables already exist. Skipping table creation.
[09-Apr-2025 17:32:12 UTC] Checking if tables exist...
[09-Apr-2025 17:32:12 UTC] All tables already exist. Skipping table creation.
[09-Apr-2025 17:32:16 UTC] Checking if tables exist...
[09-Apr-2025 17:32:16 UTC] All tables already exist. Skipping table creation.
[09-Apr-2025 17:32:16 UTC] Checking if tables exist...
[09-Apr-2025 17:32:16 UTC] All tables already exist. Skipping table creation.
[09-Apr-2025 17:32:18 UTC] Checking if tables exist...
[09-Apr-2025 17:32:18 UTC] All tables already exist. Skipping table creation.
[09-Apr-2025 17:32:18 UTC] Finding all recipes with limit: 10, offset: 0
[09-Apr-2025 17:32:18 UTC] Found 4 recipes
[09-Apr-2025 17:32:18 UTC] Checking if tables exist...
[09-Apr-2025 17:32:18 UTC] All tables already exist. Skipping table creation.
[09-Apr-2025 17:32:19 UTC] Finding all recipes with limit: 10, offset: 0
[09-Apr-2025 17:32:19 UTC] Found 4 recipes
[09-Apr-2025 17:32:24 UTC] Checking if tables exist...
[09-Apr-2025 17:32:24 UTC] All tables already exist. Skipping table creation.
[09-Apr-2025 17:32:24 UTC] Finding all recipes with limit: 10, offset: 0
[09-Apr-2025 17:32:24 UTC] Found 4 recipes
[09-Apr-2025 17:32:27 UTC] Checking if tables exist...
[09-Apr-2025 17:32:27 UTC] All tables already exist. Skipping table creation.
[09-Apr-2025 17:32:27 UTC] Error in controller action getOne: Failed to fetch recipe: SQLSTATE[22P02]: Invalid text representation: 7 ERROR:  invalid input syntax for integer: "search"
[09-Apr-2025 17:32:47 UTC] Checking if tables exist...
[09-Apr-2025 17:32:47 UTC] All tables already exist. Skipping table creation.
[09-Apr-2025 17:32:47 UTC] Error in controller action getOne: Failed to fetch recipe: SQLSTATE[22P02]: Invalid text representation: 7 ERROR:  invalid input syntax for integer: "search"
[09-Apr-2025 17:33:03 UTC] Checking if tables exist...
[09-Apr-2025 17:33:03 UTC] All tables already exist. Skipping table creation.
[09-Apr-2025 17:33:03 UTC] Error in controller action getOne: Failed to fetch recipe: SQLSTATE[22P02]: Invalid text representation: 7 ERROR:  invalid input syntax for integer: "search"
[09-Apr-2025 17:34:59 UTC] Checking if tables exist...
[09-Apr-2025 17:34:59 UTC] All tables already exist. Skipping table creation.
[09-Apr-2025 17:34:59 UTC] Finding all recipes with limit: 10, offset: 0
[09-Apr-2025 17:34:59 UTC] Found 4 recipes
[09-Apr-2025 17:35:01 UTC] Checking if tables exist...
[09-Apr-2025 17:35:01 UTC] All tables already exist. Skipping table creation.
[09-Apr-2025 17:35:01 UTC] Finding all recipes with limit: 10, offset: 0
[09-Apr-2025 17:35:01 UTC] Found 4 recipes
[09-Apr-2025 17:35:10 UTC] Checking if tables exist...
[09-Apr-2025 17:35:10 UTC] All tables already exist. Skipping table creation.
[09-Apr-2025 17:35:11 UTC] Checking if tables exist...
[09-Apr-2025 17:35:11 UTC] All tables already exist. Skipping table creation.
[09-Apr-2025 17:35:11 UTC] Finding all recipes with limit: 10, offset: 0
[09-Apr-2025 17:35:11 UTC] Found 4 recipes
[09-Apr-2025 17:35:15 UTC] Checking if tables exist...
[09-Apr-2025 17:35:15 UTC] All tables already exist. Skipping table creation.
[09-Apr-2025 17:35:15 UTC] Error in controller action getOne: Failed to fetch recipe: SQLSTATE[22P02]: Invalid text representation: 7 ERROR:  invalid input syntax for integer: "search"
[09-Apr-2025 17:35:23 UTC] Checking if tables exist...
[09-Apr-2025 17:35:23 UTC] All tables already exist. Skipping table creation.
[09-Apr-2025 17:35:23 UTC] Finding all recipes with limit: 10, offset: 0
[09-Apr-2025 17:35:23 UTC] Found 4 recipes
[09-Apr-2025 17:35:28 UTC] Checking if tables exist...
[09-Apr-2025 17:35:28 UTC] All tables already exist. Skipping table creation.
[09-Apr-2025 17:35:28 UTC] Checking if tables exist...
[09-Apr-2025 17:35:28 UTC] All tables already exist. Skipping table creation.
[09-Apr-2025 17:35:37 UTC] Checking if tables exist...
[09-Apr-2025 17:35:37 UTC] All tables already exist. Skipping table creation.
[09-Apr-2025 17:35:37 UTC] Checking if tables exist...
[09-Apr-2025 17:35:37 UTC] All tables already exist. Skipping table creation.
[09-Apr-2025 17:36:14 UTC] Checking if tables exist...
[09-Apr-2025 17:36:14 UTC] All tables already exist. Skipping table creation.
[09-Apr-2025 17:36:15 UTC] Checking if tables exist...
[09-Apr-2025 17:36:15 UTC] All tables already exist. Skipping table creation.
[09-Apr-2025 17:36:18 UTC] Checking if tables exist...
[09-Apr-2025 17:36:18 UTC] All tables already exist. Skipping table creation.
[09-Apr-2025 17:36:18 UTC] Checking if tables exist...
[09-Apr-2025 17:36:18 UTC] All tables already exist. Skipping table creation.
[09-Apr-2025 17:36:22 UTC] Checking if tables exist...
[09-Apr-2025 17:36:22 UTC] All tables already exist. Skipping table creation.
[09-Apr-2025 17:36:22 UTC] Checking if tables exist...
[09-Apr-2025 17:36:22 UTC] All tables already exist. Skipping table creation.
[09-Apr-2025 17:36:27 UTC] Checking if tables exist...
[09-Apr-2025 17:36:27 UTC] All tables already exist. Skipping table creation.
[09-Apr-2025 17:36:27 UTC] Checking if tables exist...
[09-Apr-2025 17:36:27 UTC] All tables already exist. Skipping table creation.
[09-Apr-2025 17:36:30 UTC] Checking if tables exist...
[09-Apr-2025 17:36:30 UTC] All tables already exist. Skipping table creation.
[09-Apr-2025 17:36:30 UTC] Checking if tables exist...
[09-Apr-2025 17:36:30 UTC] All tables already exist. Skipping table creation.
[09-Apr-2025 17:36:32 UTC] Checking if tables exist...
[09-Apr-2025 17:36:32 UTC] All tables already exist. Skipping table creation.
[09-Apr-2025 17:36:32 UTC] Finding all recipes with limit: 10, offset: 0
[09-Apr-2025 17:36:32 UTC] Found 4 recipes
[09-Apr-2025 17:36:33 UTC] Checking if tables exist...
[09-Apr-2025 17:36:33 UTC] All tables already exist. Skipping table creation.
[09-Apr-2025 17:36:33 UTC] Finding all recipes with limit: 10, offset: 0
[09-Apr-2025 17:36:33 UTC] Found 4 recipes
[09-Apr-2025 17:37:14 UTC] Checking if tables exist...
[09-Apr-2025 17:37:14 UTC] All tables already exist. Skipping table creation.
[09-Apr-2025 17:37:14 UTC] Finding all recipes with limit: 10, offset: 0
[09-Apr-2025 17:37:14 UTC] Found 4 recipes
[09-Apr-2025 17:37:31 UTC] Checking if tables exist...
[09-Apr-2025 17:37:31 UTC] All tables already exist. Skipping table creation.
[09-Apr-2025 17:37:31 UTC] Error in controller action getOne: Failed to fetch recipe: SQLSTATE[22P02]: Invalid text representation: 7 ERROR:  invalid input syntax for integer: "search"
#0 /server/http/src/Controller/RecipeController.php(47): App\Repository\RecipeRepository->findById('search')
#1 /server/http/src/Core/Router.php(86): App\Controller\RecipeController->getOne(Object(App\Core\Request))
#2 /server/http/web/index.php(118): App\Core\Router->dispatch(Object(App\Core\Request))
#3 {main}
[09-Apr-2025 17:40:07 UTC] Checking if tables exist...
[09-Apr-2025 17:40:07 UTC] All tables already exist. Skipping table creation.
[09-Apr-2025 17:40:07 UTC] Raw query string: vegetarian=true
[09-Apr-2025 17:40:07 UTC] Parsed params: {"vegetarian":"true"}
[09-Apr-2025 17:40:07 UTC] Processing search route with params: {"vegetarian":"true"}
[09-Apr-2025 17:40:07 UTC] Checking route / against /recipes/search: not matched
[09-Apr-2025 17:40:07 UTC] Checking route /recipes against /recipes/search: not matched
[09-Apr-2025 17:40:07 UTC] Checking route /recipes against /recipes/search: not matched
[09-Apr-2025 17:40:07 UTC] Pattern match for route: /recipes/{id} with params: {"id":"search"}
[09-Apr-2025 17:40:07 UTC] Checking route /recipes/{id} against /recipes/search: matched
[09-Apr-2025 17:40:07 UTC] Executing controller: recipe.controller::getOne
[09-Apr-2025 17:40:07 UTC] Error in controller action getOne: Failed to fetch recipe: SQLSTATE[22P02]: Invalid text representation: 7 ERROR:  invalid input syntax for integer: "search"
#0 /server/http/src/Controller/RecipeController.php(47): App\Repository\RecipeRepository->findById('search')
#1 /server/http/src/Core/Router.php(95): App\Controller\RecipeController->getOne(Object(App\Core\Request))
#2 /server/http/web/index.php(118): App\Core\Router->dispatch(Object(App\Core\Request))
#3 {main}
[09-Apr-2025 17:41:54 UTC] Checking if tables exist...
[09-Apr-2025 17:41:54 UTC] All tables already exist. Skipping table creation.
[09-Apr-2025 17:41:54 UTC] Raw query string: vegetarian=true
[09-Apr-2025 17:41:54 UTC] Parsed params: {"vegetarian":"true"}
[09-Apr-2025 17:41:54 UTC] Processing search route with params: {"vegetarian":"true"}
[09-Apr-2025 17:41:54 UTC] Checking route / against /recipes/search: not matched
[09-Apr-2025 17:41:54 UTC] Checking route /recipes against /recipes/search: not matched
[09-Apr-2025 17:41:54 UTC] Checking route /recipes against /recipes/search: not matched
[09-Apr-2025 17:41:54 UTC] Prevented /recipes/search from matching /recipes/{id} pattern
[09-Apr-2025 17:41:54 UTC] Checking route /recipes/{id} against /recipes/search: not matched
[09-Apr-2025 17:41:54 UTC] Prevented /recipes/search from matching /recipes/{id} pattern
[09-Apr-2025 17:41:54 UTC] Checking route /recipes/{id} against /recipes/search: not matched
[09-Apr-2025 17:41:54 UTC] Prevented /recipes/search from matching /recipes/{id} pattern
[09-Apr-2025 17:41:54 UTC] Checking route /recipes/{id} against /recipes/search: not matched
[09-Apr-2025 17:41:54 UTC] Checking route /recipes/{id}/rating against /recipes/search: not matched
[09-Apr-2025 17:41:54 UTC] Exact match for route: /recipes/search
[09-Apr-2025 17:41:54 UTC] Checking route /recipes/search against /recipes/search: matched
[09-Apr-2025 17:41:54 UTC] Executing controller: recipe.controller::search
[09-Apr-2025 17:41:54 UTC] Search request received: /recipes/search?vegetarian=true
[09-Apr-2025 17:41:54 UTC] Search SQL: SELECT r.*, 
                    COALESCE(
                        (SELECT json_agg(rating) FROM recipe_ratings WHERE recipe_id = r.id),
                        '[]'::json
                    ) AS ratings_json
                FROM recipes r
                WHERE 1=1 AND r.vegetarian = :vegetarian ORDER BY r.id
[09-Apr-2025 17:41:54 UTC] Search params: {":vegetarian":"t"}
[09-Apr-2025 17:42:03 UTC] Checking if tables exist...
[09-Apr-2025 17:42:03 UTC] All tables already exist. Skipping table creation.
[09-Apr-2025 17:42:03 UTC] Raw query string: q=pasta&vegetarian=true
[09-Apr-2025 17:42:03 UTC] Parsed params: {"q":"pasta","vegetarian":"true"}
[09-Apr-2025 17:42:03 UTC] Processing search route with params: {"q":"pasta","vegetarian":"true"}
[09-Apr-2025 17:42:03 UTC] Checking route / against /recipes/search: not matched
[09-Apr-2025 17:42:03 UTC] Checking route /recipes against /recipes/search: not matched
[09-Apr-2025 17:42:03 UTC] Checking route /recipes against /recipes/search: not matched
[09-Apr-2025 17:42:03 UTC] Prevented /recipes/search from matching /recipes/{id} pattern
[09-Apr-2025 17:42:03 UTC] Checking route /recipes/{id} against /recipes/search: not matched
[09-Apr-2025 17:42:03 UTC] Prevented /recipes/search from matching /recipes/{id} pattern
[09-Apr-2025 17:42:03 UTC] Checking route /recipes/{id} against /recipes/search: not matched
[09-Apr-2025 17:42:03 UTC] Prevented /recipes/search from matching /recipes/{id} pattern
[09-Apr-2025 17:42:03 UTC] Checking route /recipes/{id} against /recipes/search: not matched
[09-Apr-2025 17:42:03 UTC] Checking route /recipes/{id}/rating against /recipes/search: not matched
[09-Apr-2025 17:42:03 UTC] Exact match for route: /recipes/search
[09-Apr-2025 17:42:03 UTC] Checking route /recipes/search against /recipes/search: matched
[09-Apr-2025 17:42:03 UTC] Executing controller: recipe.controller::search
[09-Apr-2025 17:42:03 UTC] Search request received: /recipes/search?q=pasta&vegetarian=true
[09-Apr-2025 17:42:03 UTC] Search SQL: SELECT r.*, 
                    COALESCE(
                        (SELECT json_agg(rating) FROM recipe_ratings WHERE recipe_id = r.id),
                        '[]'::json
                    ) AS ratings_json
                FROM recipes r
                WHERE 1=1 AND r.name ILIKE :query AND r.vegetarian = :vegetarian ORDER BY r.id
[09-Apr-2025 17:42:03 UTC] Search params: {":query":"%pasta%",":vegetarian":"t"}
[09-Apr-2025 17:42:23 UTC] Checking if tables exist...
[09-Apr-2025 17:42:24 UTC] All tables already exist. Skipping table creation.
[09-Apr-2025 17:42:24 UTC] Raw query string: page=1&limit=10
[09-Apr-2025 17:42:24 UTC] Parsed params: {"page":"1","limit":"10"}
[09-Apr-2025 17:42:24 UTC] Checking route / against /recipes: not matched
[09-Apr-2025 17:42:24 UTC] Exact match for route: /recipes
[09-Apr-2025 17:42:24 UTC] Checking route /recipes against /recipes: matched
[09-Apr-2025 17:42:24 UTC] Executing controller: recipe.controller::listAll
[09-Apr-2025 17:42:24 UTC] Finding all recipes with limit: 10, offset: 0
[09-Apr-2025 17:42:24 UTC] Found 4 recipes
[09-Apr-2025 17:42:52 UTC] Checking if tables exist...
[09-Apr-2025 17:42:52 UTC] All tables already exist. Skipping table creation.
[09-Apr-2025 17:42:52 UTC] Checking route / against /recipes: not matched
[09-Apr-2025 17:42:52 UTC] Exact match for route: /recipes
[09-Apr-2025 17:42:52 UTC] Checking route /recipes against /recipes: matched
[09-Apr-2025 17:42:52 UTC] Exact match for route: /recipes
[09-Apr-2025 17:42:52 UTC] Checking route /recipes against /recipes: matched
[09-Apr-2025 17:43:18 UTC] Checking if tables exist...
[09-Apr-2025 17:43:18 UTC] All tables already exist. Skipping table creation.
[09-Apr-2025 17:43:18 UTC] Checking route / against /auth/login: not matched
[09-Apr-2025 17:43:18 UTC] Checking route /recipes against /auth/login: not matched
[09-Apr-2025 17:43:18 UTC] Checking route /recipes against /auth/login: not matched
[09-Apr-2025 17:43:18 UTC] Checking route /recipes/{id} against /auth/login: not matched
[09-Apr-2025 17:43:18 UTC] Checking route /recipes/{id} against /auth/login: not matched
[09-Apr-2025 17:43:18 UTC] Checking route /recipes/{id} against /auth/login: not matched
[09-Apr-2025 17:43:18 UTC] Checking route /recipes/{id}/rating against /auth/login: not matched
[09-Apr-2025 17:43:18 UTC] Checking route /recipes/search against /auth/login: not matched
[09-Apr-2025 17:43:18 UTC] Exact match for route: /auth/login
[09-Apr-2025 17:43:18 UTC] Checking route /auth/login against /auth/login: matched
[09-Apr-2025 17:43:18 UTC] Executing controller: auth.controller::login
[09-Apr-2025 17:43:27 UTC] Checking if tables exist...
[09-Apr-2025 17:43:27 UTC] All tables already exist. Skipping table creation.
[09-Apr-2025 17:43:27 UTC] Checking route / against /recipes: not matched
[09-Apr-2025 17:43:27 UTC] Exact match for route: /recipes
[09-Apr-2025 17:43:27 UTC] Checking route /recipes against /recipes: matched
[09-Apr-2025 17:43:27 UTC] Exact match for route: /recipes
[09-Apr-2025 17:43:27 UTC] Checking route /recipes against /recipes: matched
[09-Apr-2025 17:44:11 UTC] Checking if tables exist...
[09-Apr-2025 17:44:11 UTC] All tables already exist. Skipping table creation.
[09-Apr-2025 17:44:11 UTC] Checking route / against /recipes: not matched
[09-Apr-2025 17:44:11 UTC] Exact match for route: /recipes
[09-Apr-2025 17:44:11 UTC] Checking route /recipes against /recipes: matched
[09-Apr-2025 17:44:11 UTC] Exact match for route: /recipes
[09-Apr-2025 17:44:11 UTC] Checking route /recipes against /recipes: matched
[09-Apr-2025 17:44:11 UTC] Executing controller: recipe.controller::create
[09-Apr-2025 17:44:25 UTC] Checking if tables exist...
[09-Apr-2025 17:44:25 UTC] All tables already exist. Skipping table creation.
[09-Apr-2025 17:44:25 UTC] Extracted recipe ID: 7
[09-Apr-2025 17:44:25 UTC] Checking route / against /recipes/7: not matched
[09-Apr-2025 17:44:25 UTC] Checking route /recipes against /recipes/7: not matched
[09-Apr-2025 17:44:25 UTC] Checking route /recipes against /recipes/7: not matched
[09-Apr-2025 17:44:25 UTC] Pattern match for route: /recipes/{id} with params: {"id":"7"}
[09-Apr-2025 17:44:25 UTC] Checking route /recipes/{id} against /recipes/7: matched
[09-Apr-2025 17:44:25 UTC] Executing controller: recipe.controller::getOne
[09-Apr-2025 17:44:56 UTC] Checking if tables exist...
[09-Apr-2025 17:44:56 UTC] All tables already exist. Skipping table creation.
[09-Apr-2025 17:44:56 UTC] Extracted recipe ID: 1
[09-Apr-2025 17:44:56 UTC] Checking route / against /recipes/1: not matched
[09-Apr-2025 17:44:56 UTC] Checking route /recipes against /recipes/1: not matched
[09-Apr-2025 17:44:56 UTC] Checking route /recipes against /recipes/1: not matched
[09-Apr-2025 17:44:56 UTC] Pattern match for route: /recipes/{id} with params: {"id":"1"}
[09-Apr-2025 17:44:56 UTC] Checking route /recipes/{id} against /recipes/1: matched
[09-Apr-2025 17:44:56 UTC] Pattern match for route: /recipes/{id} with params: {"id":"1"}
[09-Apr-2025 17:44:56 UTC] Checking route /recipes/{id} against /recipes/1: matched
[09-Apr-2025 17:44:56 UTC] Executing controller: recipe.controller::update
[09-Apr-2025 17:45:14 UTC] Checking if tables exist...
[09-Apr-2025 17:45:14 UTC] All tables already exist. Skipping table creation.
[09-Apr-2025 17:45:14 UTC] Extracted recipe ID: 6
[09-Apr-2025 17:45:14 UTC] Checking route / against /recipes/6/rating: not matched
[09-Apr-2025 17:45:14 UTC] Checking route /recipes against /recipes/6/rating: not matched
[09-Apr-2025 17:45:14 UTC] Checking route /recipes against /recipes/6/rating: not matched
[09-Apr-2025 17:45:14 UTC] Checking route /recipes/{id} against /recipes/6/rating: not matched
[09-Apr-2025 17:45:14 UTC] Checking route /recipes/{id} against /recipes/6/rating: not matched
[09-Apr-2025 17:45:14 UTC] Checking route /recipes/{id} against /recipes/6/rating: not matched
[09-Apr-2025 17:45:14 UTC] Pattern match for route: /recipes/{id}/rating with params: {"id":"6"}
[09-Apr-2025 17:45:14 UTC] Checking route /recipes/{id}/rating against /recipes/6/rating: matched
[09-Apr-2025 17:45:14 UTC] Executing controller: recipe.controller::rate
[09-Apr-2025 17:45:42 UTC] Checking if tables exist...
[09-Apr-2025 17:45:42 UTC] All tables already exist. Skipping table creation.
[09-Apr-2025 17:45:42 UTC] Raw query string: page=1&limit=10
[09-Apr-2025 17:45:42 UTC] Parsed params: {"page":"1","limit":"10"}
[09-Apr-2025 17:45:42 UTC] Checking route / against /recipes: not matched
[09-Apr-2025 17:45:42 UTC] Exact match for route: /recipes
[09-Apr-2025 17:45:42 UTC] Checking route /recipes against /recipes: matched
[09-Apr-2025 17:45:42 UTC] Executing controller: recipe.controller::listAll
[09-Apr-2025 17:45:42 UTC] Finding all recipes with limit: 10, offset: 0
[09-Apr-2025 17:45:42 UTC] Found 5 recipes
[09-Apr-2025 17:45:48 UTC] Checking if tables exist...
[09-Apr-2025 17:45:48 UTC] All tables already exist. Skipping table creation.
[09-Apr-2025 17:45:49 UTC] Raw query string: q=pasta&
[09-Apr-2025 17:45:49 UTC] Parsed params: {"q":"pasta"}
[09-Apr-2025 17:45:49 UTC] Processing search route with params: {"q":"pasta"}
[09-Apr-2025 17:45:49 UTC] Checking route / against /recipes/search: not matched
[09-Apr-2025 17:45:49 UTC] Checking route /recipes against /recipes/search: not matched
[09-Apr-2025 17:45:49 UTC] Checking route /recipes against /recipes/search: not matched
[09-Apr-2025 17:45:49 UTC] Prevented /recipes/search from matching /recipes/{id} pattern
[09-Apr-2025 17:45:49 UTC] Checking route /recipes/{id} against /recipes/search: not matched
[09-Apr-2025 17:45:49 UTC] Prevented /recipes/search from matching /recipes/{id} pattern
[09-Apr-2025 17:45:49 UTC] Checking route /recipes/{id} against /recipes/search: not matched
[09-Apr-2025 17:45:49 UTC] Prevented /recipes/search from matching /recipes/{id} pattern
[09-Apr-2025 17:45:49 UTC] Checking route /recipes/{id} against /recipes/search: not matched
[09-Apr-2025 17:45:49 UTC] Checking route /recipes/{id}/rating against /recipes/search: not matched
[09-Apr-2025 17:45:49 UTC] Exact match for route: /recipes/search
[09-Apr-2025 17:45:49 UTC] Checking route /recipes/search against /recipes/search: matched
[09-Apr-2025 17:45:49 UTC] Executing controller: recipe.controller::search
[09-Apr-2025 17:45:49 UTC] Search request received: /recipes/search?q=pasta&
[09-Apr-2025 17:45:49 UTC] Search SQL: SELECT r.*, 
                    COALESCE(
                        (SELECT json_agg(rating) FROM recipe_ratings WHERE recipe_id = r.id),
                        '[]'::json
                    ) AS ratings_json
                FROM recipes r
                WHERE 1=1 AND r.name ILIKE :query ORDER BY r.id
[09-Apr-2025 17:45:49 UTC] Search params: {":query":"%pasta%"}
